2024-05-21 10:32:53.045 [info] Added views:workbench.panel.markers.view in workbench.panel.markers
2024-05-21 10:32:53.045 [info] Added views:workbench.panel.output in workbench.panel.output
2024-05-21 10:32:53.045 [info] Added views:terminal in terminal
2024-05-21 10:32:53.045 [info] Added views:outline in workbench.view.explorer
2024-05-21 10:32:53.045 [info] Added views:workbench.scm in workbench.view.scm
2024-05-21 10:32:53.045 [info] Added views:workbench.view.search in workbench.view.search
2024-05-21 10:32:53.045 [info] Added views:timeline in workbench.view.explorer
2024-05-21 10:32:53.045 [info] Added views:workbench.explorer.emptyView in workbench.view.explorer
2024-05-21 10:32:53.766 [info] Added views:workbench.debug.variablesView,workbench.debug.watchExpressionsView,workbench.debug.callStackView,workbench.debug.breakPointsView in workbench.view.debug
2024-05-21 10:32:53.955 [info] Added views:~remote.forwardedPorts in ~remote.forwardedPortsContainer
2024-05-21 10:32:54.373 [info] Added views:workbench.panel.repl.view in workbench.panel.repl
2024-05-21 10:32:54.376 [info] Removed views:workbench.debug.breakPointsView,workbench.debug.callStackView,workbench.debug.watchExpressionsView,workbench.debug.variablesView from workbench.view.debug
2024-05-21 10:32:54.377 [info] Added views:workbench.debug.welcome in workbench.view.debug
2024-05-21 10:33:38.231 [info] Added views:workbench.panel.markers.view in workbench.panel.markers
2024-05-21 10:33:38.231 [info] Added views:workbench.panel.output in workbench.panel.output
2024-05-21 10:33:38.231 [info] Added views:terminal in terminal
2024-05-21 10:33:38.231 [info] Added views:outline in workbench.view.explorer
2024-05-21 10:33:38.231 [info] Added views:workbench.scm in workbench.view.scm
2024-05-21 10:33:38.232 [info] Added views:workbench.view.search in workbench.view.search
2024-05-21 10:33:38.232 [info] Added views:timeline in workbench.view.explorer
2024-05-21 10:33:38.232 [info] Added views:workbench.explorer.fileView in workbench.view.explorer
2024-05-21 10:33:39.199 [info] Added views:workbench.debug.variablesView,workbench.debug.watchExpressionsView,workbench.debug.callStackView,workbench.debug.breakPointsView in workbench.view.debug
2024-05-21 10:33:39.258 [info] Added views:workbench.panel.repl.view in workbench.panel.repl
2024-05-21 10:33:39.260 [info] Removed views:workbench.debug.breakPointsView,workbench.debug.callStackView,workbench.debug.watchExpressionsView,workbench.debug.variablesView from workbench.view.debug
2024-05-21 10:33:39.262 [info] Added views:workbench.debug.welcome in workbench.view.debug
2024-05-21 10:33:39.459 [info] Added views:~remote.forwardedPorts in ~remote.forwardedPortsContainer
