2024-05-21 10:49:05.663 [info] Added views:workbench.panel.markers.view in workbench.panel.markers
2024-05-21 10:49:05.663 [info] Added views:workbench.panel.output in workbench.panel.output
2024-05-21 10:49:05.663 [info] Added views:terminal in terminal
2024-05-21 10:49:05.663 [info] Added views:outline in workbench.view.explorer
2024-05-21 10:49:05.663 [info] Added views:workbench.scm in workbench.view.scm
2024-05-21 10:49:05.663 [info] Added views:workbench.view.search in workbench.view.search
2024-05-21 10:49:05.663 [info] Added views:timeline in workbench.view.explorer
2024-05-21 10:49:05.663 [info] Added views:workbench.explorer.emptyView in workbench.view.explorer
2024-05-21 10:49:06.363 [info] Added views:workbench.debug.variablesView,workbench.debug.watchExpressionsView,workbench.debug.callStackView,workbench.debug.breakPointsView in workbench.view.debug
2024-05-21 10:49:06.562 [info] Added views:~remote.forwardedPorts in ~remote.forwardedPortsContainer
2024-05-21 10:49:07.164 [info] Added views:workbench.panel.repl.view in workbench.panel.repl
2024-05-21 10:49:07.181 [info] Removed views:workbench.debug.breakPointsView,workbench.debug.callStackView,workbench.debug.watchExpressionsView,workbench.debug.variablesView from workbench.view.debug
2024-05-21 10:49:07.182 [info] Added views:workbench.debug.welcome in workbench.view.debug
2024-05-21 10:51:54.527 [info] Added views:workbench.panel.markers.view in workbench.panel.markers
2024-05-21 10:51:54.527 [info] Added views:workbench.panel.output in workbench.panel.output
2024-05-21 10:51:54.527 [info] Added views:terminal in terminal
2024-05-21 10:51:54.527 [info] Added views:outline in workbench.view.explorer
2024-05-21 10:51:54.527 [info] Added views:workbench.scm in workbench.view.scm
2024-05-21 10:51:54.527 [info] Added views:workbench.view.search in workbench.view.search
2024-05-21 10:51:54.527 [info] Added views:timeline in workbench.view.explorer
2024-05-21 10:51:54.527 [info] Added views:workbench.explorer.fileView in workbench.view.explorer
2024-05-21 10:51:55.087 [info] Added views:workbench.debug.variablesView,workbench.debug.watchExpressionsView,workbench.debug.callStackView,workbench.debug.breakPointsView in workbench.view.debug
2024-05-21 10:51:55.252 [info] Added views:~remote.forwardedPorts in ~remote.forwardedPortsContainer
2024-05-21 10:51:56.437 [info] Added views:workbench.panel.repl.view in workbench.panel.repl
2024-05-21 10:51:56.439 [info] Removed views:workbench.debug.breakPointsView,workbench.debug.callStackView,workbench.debug.watchExpressionsView,workbench.debug.variablesView from workbench.view.debug
2024-05-21 10:51:56.440 [info] Added views:workbench.debug.welcome in workbench.view.debug
2024-05-21 10:56:59.119 [info] Added views:workbench.panel.markers.view in workbench.panel.markers
2024-05-21 10:56:59.119 [info] Added views:workbench.panel.output in workbench.panel.output
2024-05-21 10:56:59.119 [info] Added views:terminal in terminal
2024-05-21 10:56:59.119 [info] Added views:outline in workbench.view.explorer
2024-05-21 10:56:59.119 [info] Added views:workbench.scm in workbench.view.scm
2024-05-21 10:56:59.119 [info] Added views:workbench.view.search in workbench.view.search
2024-05-21 10:56:59.119 [info] Added views:timeline in workbench.view.explorer
2024-05-21 10:56:59.119 [info] Added views:workbench.explorer.fileView in workbench.view.explorer
2024-05-21 10:56:59.827 [info] Added views:workbench.debug.variablesView,workbench.debug.watchExpressionsView,workbench.debug.callStackView,workbench.debug.breakPointsView in workbench.view.debug
2024-05-21 10:57:00.166 [info] Added views:workbench.panel.repl.view in workbench.panel.repl
2024-05-21 10:57:00.168 [info] Removed views:workbench.debug.breakPointsView,workbench.debug.callStackView,workbench.debug.watchExpressionsView,workbench.debug.variablesView from workbench.view.debug
2024-05-21 10:57:00.170 [info] Added views:workbench.debug.welcome in workbench.view.debug
2024-05-21 10:57:00.226 [info] Added views:~remote.forwardedPorts in ~remote.forwardedPortsContainer
2024-05-21 10:57:30.203 [info] Added views:workbench.panel.markers.view in workbench.panel.markers
2024-05-21 10:57:30.203 [info] Added views:workbench.panel.output in workbench.panel.output
2024-05-21 10:57:30.203 [info] Added views:terminal in terminal
2024-05-21 10:57:30.203 [info] Added views:outline in workbench.view.explorer
2024-05-21 10:57:30.203 [info] Added views:workbench.scm in workbench.view.scm
2024-05-21 10:57:30.203 [info] Added views:workbench.view.search in workbench.view.search
2024-05-21 10:57:30.203 [info] Added views:timeline in workbench.view.explorer
2024-05-21 10:57:30.203 [info] Added views:workbench.explorer.fileView in workbench.view.explorer
2024-05-21 10:57:30.920 [info] Added views:workbench.debug.variablesView,workbench.debug.watchExpressionsView,workbench.debug.callStackView,workbench.debug.breakPointsView in workbench.view.debug
2024-05-21 10:57:31.065 [info] Added views:~remote.forwardedPorts in ~remote.forwardedPortsContainer
2024-05-21 10:57:31.408 [info] Added views:workbench.panel.repl.view in workbench.panel.repl
2024-05-21 10:57:31.410 [info] Removed views:workbench.debug.breakPointsView,workbench.debug.callStackView,workbench.debug.watchExpressionsView,workbench.debug.variablesView from workbench.view.debug
2024-05-21 10:57:31.415 [info] Added views:workbench.debug.welcome in workbench.view.debug
