2024-05-24 16:05:54.784 [info] Added views:workbench.panel.markers.view in workbench.panel.markers
2024-05-24 16:05:54.785 [info] Added views:workbench.panel.output in workbench.panel.output
2024-05-24 16:05:54.785 [info] Added views:terminal in terminal
2024-05-24 16:05:54.785 [info] Added views:outline in workbench.view.explorer
2024-05-24 16:05:54.785 [info] Added views:workbench.scm in workbench.view.scm
2024-05-24 16:05:54.785 [info] Added views:workbench.view.search in workbench.view.search
2024-05-24 16:05:54.785 [info] Added views:timeline in workbench.view.explorer
2024-05-24 16:05:54.785 [info] Added views:workbench.explorer.fileView in workbench.view.explorer
2024-05-24 16:05:55.658 [info] Added views:workbench.debug.variablesView,workbench.debug.watchExpressionsView,workbench.debug.callStackView,workbench.debug.breakPointsView in workbench.view.debug
2024-05-24 16:05:55.757 [info] Added views:workbench.panel.repl.view in workbench.panel.repl
2024-05-24 16:05:55.759 [info] Removed views:workbench.debug.breakPointsView,workbench.debug.callStackView,workbench.debug.watchExpressionsView,workbench.debug.variablesView from workbench.view.debug
2024-05-24 16:05:55.760 [info] Added views:workbench.debug.welcome in workbench.view.debug
2024-05-24 16:05:55.979 [info] Added views:~remote.forwardedPorts in ~remote.forwardedPortsContainer
2024-05-24 16:07:18.637 [info] Added views:workbench.panel.markers.view in workbench.panel.markers
2024-05-24 16:07:18.637 [info] Added views:workbench.panel.output in workbench.panel.output
2024-05-24 16:07:18.637 [info] Added views:terminal in terminal
2024-05-24 16:07:18.637 [info] Added views:outline in workbench.view.explorer
2024-05-24 16:07:18.637 [info] Added views:workbench.scm in workbench.view.scm
2024-05-24 16:07:18.637 [info] Added views:workbench.view.search in workbench.view.search
2024-05-24 16:07:18.637 [info] Added views:timeline in workbench.view.explorer
2024-05-24 16:07:18.637 [info] Added views:workbench.explorer.fileView in workbench.view.explorer
2024-05-24 16:07:19.427 [info] Added views:workbench.debug.variablesView,workbench.debug.watchExpressionsView,workbench.debug.callStackView,workbench.debug.breakPointsView in workbench.view.debug
2024-05-24 16:07:19.632 [info] Added views:~remote.forwardedPorts in ~remote.forwardedPortsContainer
2024-05-24 16:07:19.829 [info] Added views:workbench.panel.repl.view in workbench.panel.repl
2024-05-24 16:07:19.832 [info] Removed views:workbench.debug.breakPointsView,workbench.debug.callStackView,workbench.debug.watchExpressionsView,workbench.debug.variablesView from workbench.view.debug
2024-05-24 16:07:19.835 [info] Added views:workbench.debug.welcome in workbench.view.debug
