2024-05-24 16:05:55.701 [info] Extension host with pid 9175 started
2024-05-24 16:05:55.701 [info] Skipping acquiring lock for /home/rocky/.config/Code - OSS/User/workspaceStorage/c5581d6a7ede9bd7b1889e21ae7f1368.
2024-05-24 16:05:55.762 [info] ExtensionService#_doActivateExtension vscode.git-base, startup: true, activationEvent: '*'
2024-05-24 16:05:55.790 [info] ExtensionService#_doActivateExtension vscode.github, startup: true, activationEvent: '*'
2024-05-24 16:05:55.814 [info] Eager extensions activated
2024-05-24 16:05:55.827 [info] ExtensionService#_doActivateExtension vscode.debug-auto-launch, startup: false, activationEvent: 'onStartupFinished'
2024-05-24 16:05:55.832 [info] ExtensionService#_doActivateExtension vscode.merge-conflict, startup: false, activationEvent: 'onStartupFinished'
2024-05-24 16:06:23.837 [info] ExtensionService#_doActivateExtension vscode.git, startup: false, activationEvent: 'api', root cause: vscode.github
2024-05-24 16:06:24.211 [info] ExtensionService#_doActivateExtension vscode.github-authentication, startup: false, activationEvent: 'onAuthenticationRequest:github'
2024-05-24 16:07:16.655 [info] Extension host terminating: renderer closed the MessagePort
2024-05-24 16:07:16.680 [error] Canceled: Canceled
	at new O (/usr/lib/code/out/vs/workbench/api/node/extensionHostProcess.js:143:47131)
	at c.U (/usr/lib/code/out/vs/workbench/api/node/extensionHostProcess.js:150:5542)
	at F.<computed>.z.charCodeAt.F.<computed> (/usr/lib/code/out/vs/workbench/api/node/extensionHostProcess.js:150:2993)
	at r.g (/usr/lib/code/out/vs/workbench/api/node/extensionHostProcess.js:153:188926)
	at r.executeCommand (/usr/lib/code/out/vs/workbench/api/node/extensionHostProcess.js:153:188364)
	at k.registerCommand.description (/usr/lib/code/out/vs/workbench/api/node/extensionHostProcess.js:153:187688)
	at r.h (/usr/lib/code/out/vs/workbench/api/node/extensionHostProcess.js:153:189465)
	at r.g (/usr/lib/code/out/vs/workbench/api/node/extensionHostProcess.js:153:188457)
	at r.executeCommand (/usr/lib/code/out/vs/workbench/api/node/extensionHostProcess.js:153:188364)
	at Object.executeCommand (/usr/lib/code/out/vs/workbench/api/node/extensionHostProcess.js:163:22673)
	at a.O [as value] (/usr/lib/code/extensions/git/dist/main.js:2:945138)
	at o.y (/usr/lib/code/out/vs/workbench/api/node/extensionHostProcess.js:82:660)
	at o.z (/usr/lib/code/out/vs/workbench/api/node/extensionHostProcess.js:82:730)
	at o.fire (/usr/lib/code/out/vs/workbench/api/node/extensionHostProcess.js:82:946)
	at Object.p [as dispose] (/usr/lib/code/extensions/git/dist/main.js:2:964222)
	at /usr/lib/code/extensions/git/dist/main.js:2:970260
	at Array.forEach (<anonymous>)
	at f.dispose (/usr/lib/code/extensions/git/dist/main.js:2:970246)
	at h.<anonymous> (/usr/lib/code/out/vs/workbench/api/node/extensionHostProcess.js:151:3955)
	at h.dispose (/usr/lib/code/out/vs/workbench/api/node/extensionHostProcess.js:151:4052)
	at h.<anonymous> (/usr/lib/code/extensions/git/dist/main.js:2:947395)
	at h.dispose (/usr/lib/code/out/vs/workbench/api/node/extensionHostProcess.js:151:4052)
	at a (/usr/lib/code/out/vs/workbench/api/node/extensionHostProcess.js:30:744)
	at f.eb (/usr/lib/code/out/vs/workbench/api/node/extensionHostProcess.js:159:9975)
	at /usr/lib/code/out/vs/workbench/api/node/extensionHostProcess.js:159:7824
	at Array.map (<anonymous>)
	at f.$ (/usr/lib/code/out/vs/workbench/api/node/extensionHostProcess.js:159:7811)
	at f.terminate (/usr/lib/code/out/vs/workbench/api/node/extensionHostProcess.js:159:8085)
	at a.terminate (/usr/lib/code/out/vs/workbench/api/node/extensionHostProcess.js:163:1513)
	at t (/usr/lib/code/out/vs/workbench/api/node/extensionHostProcess.js:176:9922)
	at MessagePortMain.<anonymous> (/usr/lib/code/out/vs/workbench/api/node/extensionHostProcess.js:176:6347)
	at MessagePortMain.emit (node:events:517:28)
	at MessagePortMain._internalPort.emit (node:electron/js2c/utility_init:2:2285) setContext undefined
2024-05-24 16:07:16.683 [error] Canceled: Canceled
	at new O (/usr/lib/code/out/vs/workbench/api/node/extensionHostProcess.js:143:47131)
	at c.U (/usr/lib/code/out/vs/workbench/api/node/extensionHostProcess.js:150:5542)
	at F.<computed>.z.charCodeAt.F.<computed> (/usr/lib/code/out/vs/workbench/api/node/extensionHostProcess.js:150:2993)
	at r.g (/usr/lib/code/out/vs/workbench/api/node/extensionHostProcess.js:153:188926)
	at r.executeCommand (/usr/lib/code/out/vs/workbench/api/node/extensionHostProcess.js:153:188364)
	at k.registerCommand.description (/usr/lib/code/out/vs/workbench/api/node/extensionHostProcess.js:153:187688)
	at r.h (/usr/lib/code/out/vs/workbench/api/node/extensionHostProcess.js:153:189465)
	at r.g (/usr/lib/code/out/vs/workbench/api/node/extensionHostProcess.js:153:188457)
	at r.executeCommand (/usr/lib/code/out/vs/workbench/api/node/extensionHostProcess.js:153:188364)
	at Object.executeCommand (/usr/lib/code/out/vs/workbench/api/node/extensionHostProcess.js:163:22673)
	at set hasGitHubRepositories [as hasGitHubRepositories] (/usr/lib/code/extensions/github/dist/extension.js:2:322969)
	at /usr/lib/code/extensions/github/dist/extension.js:2:323928
	at a.value (/usr/lib/code/extensions/git/dist/main.js:2:1050711)
	at o.y (/usr/lib/code/out/vs/workbench/api/node/extensionHostProcess.js:82:660)
	at o.z (/usr/lib/code/out/vs/workbench/api/node/extensionHostProcess.js:82:730)
	at o.fire (/usr/lib/code/out/vs/workbench/api/node/extensionHostProcess.js:82:946)
	at Object.p [as dispose] (/usr/lib/code/extensions/git/dist/main.js:2:964222)
	at /usr/lib/code/extensions/git/dist/main.js:2:970260
	at Array.forEach (<anonymous>)
	at f.dispose (/usr/lib/code/extensions/git/dist/main.js:2:970246)
	at h.<anonymous> (/usr/lib/code/out/vs/workbench/api/node/extensionHostProcess.js:151:3955)
	at h.dispose (/usr/lib/code/out/vs/workbench/api/node/extensionHostProcess.js:151:4052)
	at h.<anonymous> (/usr/lib/code/extensions/git/dist/main.js:2:947395)
	at h.dispose (/usr/lib/code/out/vs/workbench/api/node/extensionHostProcess.js:151:4052)
	at a (/usr/lib/code/out/vs/workbench/api/node/extensionHostProcess.js:30:744)
	at f.eb (/usr/lib/code/out/vs/workbench/api/node/extensionHostProcess.js:159:9975)
	at /usr/lib/code/out/vs/workbench/api/node/extensionHostProcess.js:159:7824
	at Array.map (<anonymous>)
	at f.$ (/usr/lib/code/out/vs/workbench/api/node/extensionHostProcess.js:159:7811)
	at f.terminate (/usr/lib/code/out/vs/workbench/api/node/extensionHostProcess.js:159:8085)
	at a.terminate (/usr/lib/code/out/vs/workbench/api/node/extensionHostProcess.js:163:1513)
	at t (/usr/lib/code/out/vs/workbench/api/node/extensionHostProcess.js:176:9922)
	at MessagePortMain.<anonymous> (/usr/lib/code/out/vs/workbench/api/node/extensionHostProcess.js:176:6347)
	at MessagePortMain.emit (node:events:517:28)
	at MessagePortMain._internalPort.emit (node:electron/js2c/utility_init:2:2285) setContext undefined
2024-05-24 16:07:16.683 [info] Extension host with pid 9175 exiting with code 0
2024-05-24 16:07:19.636 [info] Extension host with pid 9340 started
2024-05-24 16:07:19.637 [info] Skipping acquiring lock for /home/rocky/.config/Code - OSS/User/workspaceStorage/b181baf461a35613d2ce37e1aad91e3d.
2024-05-24 16:07:19.836 [info] ExtensionService#_doActivateExtension vscode.git-base, startup: true, activationEvent: '*'
2024-05-24 16:07:19.925 [info] ExtensionService#_doActivateExtension vscode.github, startup: true, activationEvent: '*'
2024-05-24 16:07:19.951 [info] Eager extensions activated
2024-05-24 16:07:20.022 [info] ExtensionService#_doActivateExtension vscode.debug-auto-launch, startup: false, activationEvent: 'onStartupFinished'
2024-05-24 16:07:20.025 [info] ExtensionService#_doActivateExtension vscode.merge-conflict, startup: false, activationEvent: 'onStartupFinished'
2024-05-24 16:07:21.788 [info] ExtensionService#_doActivateExtension vscode.git, startup: false, activationEvent: 'api', root cause: vscode.github
2024-05-24 16:07:22.136 [warning] [Decorations] CAPPING events from decorations provider vscode.git 463
2024-05-24 16:07:22.411 [info] ExtensionService#_doActivateExtension vscode.github-authentication, startup: false, activationEvent: 'onAuthenticationRequest:github'
2024-05-24 16:07:22.515 [warning] [Decorations] CAPPING events from decorations provider vscode.git 463
2024-05-24 16:07:24.343 [warning] [Decorations] CAPPING events from decorations provider vscode.git 461
2024-05-24 16:07:29.405 [warning] [Decorations] CAPPING events from decorations provider vscode.git 461
2024-05-24 16:07:39.786 [info] ExtensionService#_doActivateExtension vscode.emmet, startup: false, activationEvent: 'onLanguage'
2024-05-24 16:07:58.963 [warning] [Decorations] CAPPING events from decorations provider vscode.git 462
2024-05-24 16:08:05.204 [warning] [Decorations] CAPPING events from decorations provider vscode.git 465
2024-05-24 16:08:10.280 [warning] [Decorations] CAPPING events from decorations provider vscode.git 464
2024-05-24 16:08:15.387 [warning] [Decorations] CAPPING events from decorations provider vscode.git 463
2024-05-24 16:08:20.456 [warning] [Decorations] CAPPING events from decorations provider vscode.git 463
2024-05-24 16:08:25.610 [warning] [Decorations] CAPPING events from decorations provider vscode.git 463
2024-05-24 16:08:30.749 [warning] [Decorations] CAPPING events from decorations provider vscode.git 463
2024-05-24 16:08:35.856 [warning] [Decorations] CAPPING events from decorations provider vscode.git 464
2024-05-24 16:08:40.975 [warning] [Decorations] CAPPING events from decorations provider vscode.git 464
2024-05-24 16:08:46.070 [warning] [Decorations] CAPPING events from decorations provider vscode.git 464
2024-05-24 16:08:56.403 [warning] [Decorations] CAPPING events from decorations provider vscode.git 464
2024-05-24 16:09:01.499 [warning] [Decorations] CAPPING events from decorations provider vscode.git 464
2024-05-24 16:09:06.601 [warning] [Decorations] CAPPING events from decorations provider vscode.git 464
2024-05-24 16:09:11.702 [warning] [Decorations] CAPPING events from decorations provider vscode.git 464
2024-05-24 16:09:16.790 [warning] [Decorations] CAPPING events from decorations provider vscode.git 464
2024-05-24 16:09:21.882 [warning] [Decorations] CAPPING events from decorations provider vscode.git 464
2024-05-24 16:09:26.966 [warning] [Decorations] CAPPING events from decorations provider vscode.git 464
2024-05-24 16:09:32.032 [warning] [Decorations] CAPPING events from decorations provider vscode.git 464
2024-05-24 16:09:37.153 [warning] [Decorations] CAPPING events from decorations provider vscode.git 464
2024-05-24 16:09:42.310 [warning] [Decorations] CAPPING events from decorations provider vscode.git 464
2024-05-24 16:09:47.375 [warning] [Decorations] CAPPING events from decorations provider vscode.git 464
2024-05-24 16:09:52.444 [warning] [Decorations] CAPPING events from decorations provider vscode.git 464
2024-05-24 16:09:57.527 [warning] [Decorations] CAPPING events from decorations provider vscode.git 464
2024-05-24 16:10:02.597 [warning] [Decorations] CAPPING events from decorations provider vscode.git 464
2024-05-24 16:10:10.654 [warning] [Decorations] CAPPING events from decorations provider vscode.git 465
2024-05-24 16:10:15.733 [warning] [Decorations] CAPPING events from decorations provider vscode.git 465
2024-05-24 16:10:20.790 [warning] [Decorations] CAPPING events from decorations provider vscode.git 464
2024-05-24 16:10:25.858 [warning] [Decorations] CAPPING events from decorations provider vscode.git 464
2024-05-24 16:10:30.938 [warning] [Decorations] CAPPING events from decorations provider vscode.git 464
2024-05-24 16:10:36.008 [warning] [Decorations] CAPPING events from decorations provider vscode.git 464
2024-05-24 16:10:41.101 [warning] [Decorations] CAPPING events from decorations provider vscode.git 464
2024-05-24 16:10:46.176 [warning] [Decorations] CAPPING events from decorations provider vscode.git 464
2024-05-24 16:10:51.271 [warning] [Decorations] CAPPING events from decorations provider vscode.git 464
2024-05-24 16:10:56.339 [warning] [Decorations] CAPPING events from decorations provider vscode.git 464
2024-05-24 16:11:01.409 [warning] [Decorations] CAPPING events from decorations provider vscode.git 464
2024-05-24 16:11:06.518 [warning] [Decorations] CAPPING events from decorations provider vscode.git 464
2024-05-24 16:11:11.612 [warning] [Decorations] CAPPING events from decorations provider vscode.git 464
2024-05-24 16:11:16.691 [warning] [Decorations] CAPPING events from decorations provider vscode.git 464
2024-05-24 16:11:21.801 [warning] [Decorations] CAPPING events from decorations provider vscode.git 464
2024-05-24 16:11:26.870 [warning] [Decorations] CAPPING events from decorations provider vscode.git 464
2024-05-24 16:11:31.942 [warning] [Decorations] CAPPING events from decorations provider vscode.git 464
2024-05-24 16:11:37.022 [warning] [Decorations] CAPPING events from decorations provider vscode.git 464
2024-05-24 16:11:42.085 [warning] [Decorations] CAPPING events from decorations provider vscode.git 464
2024-05-24 16:11:52.661 [warning] [Decorations] CAPPING events from decorations provider vscode.git 464
2024-05-24 16:11:57.786 [warning] [Decorations] CAPPING events from decorations provider vscode.git 464
2024-05-24 16:12:02.875 [warning] [Decorations] CAPPING events from decorations provider vscode.git 464
2024-05-24 16:12:07.970 [warning] [Decorations] CAPPING events from decorations provider vscode.git 464
2024-05-24 16:12:13.079 [warning] [Decorations] CAPPING events from decorations provider vscode.git 464
2024-05-24 16:12:18.178 [warning] [Decorations] CAPPING events from decorations provider vscode.git 464
2024-05-24 16:12:23.262 [warning] [Decorations] CAPPING events from decorations provider vscode.git 464
2024-05-24 16:12:28.332 [warning] [Decorations] CAPPING events from decorations provider vscode.git 464
2024-05-24 16:12:33.398 [warning] [Decorations] CAPPING events from decorations provider vscode.git 465
2024-05-24 16:12:38.458 [warning] [Decorations] CAPPING events from decorations provider vscode.git 464
2024-05-24 16:12:55.345 [warning] [Decorations] CAPPING events from decorations provider vscode.git 464
2024-05-24 16:13:00.426 [warning] [Decorations] CAPPING events from decorations provider vscode.git 464
2024-05-24 16:13:05.495 [warning] [Decorations] CAPPING events from decorations provider vscode.git 465
2024-05-24 16:13:10.565 [warning] [Decorations] CAPPING events from decorations provider vscode.git 465
2024-05-24 16:13:15.654 [warning] [Decorations] CAPPING events from decorations provider vscode.git 465
2024-05-24 16:13:20.729 [warning] [Decorations] CAPPING events from decorations provider vscode.git 465
2024-05-24 16:13:25.792 [warning] [Decorations] CAPPING events from decorations provider vscode.git 465
2024-05-24 16:13:52.383 [warning] [Decorations] CAPPING events from decorations provider vscode.git 465
2024-05-24 16:15:21.802 [warning] [Decorations] CAPPING events from decorations provider vscode.git 465
2024-05-24 16:15:32.824 [warning] [Decorations] CAPPING events from decorations provider vscode.git 465
2024-05-24 16:15:44.202 [warning] [Decorations] CAPPING events from decorations provider vscode.git 465
2024-05-24 16:15:49.281 [warning] [Decorations] CAPPING events from decorations provider vscode.git 465
2024-05-24 16:15:54.406 [warning] [Decorations] CAPPING events from decorations provider vscode.git 466
2024-05-24 16:15:59.510 [warning] [Decorations] CAPPING events from decorations provider vscode.git 465
2024-05-24 16:16:04.601 [warning] [Decorations] CAPPING events from decorations provider vscode.git 465
2024-05-24 16:16:09.771 [warning] [Decorations] CAPPING events from decorations provider vscode.git 465
2024-05-24 16:16:14.882 [warning] [Decorations] CAPPING events from decorations provider vscode.git 465
2024-05-24 16:16:20.005 [warning] [Decorations] CAPPING events from decorations provider vscode.git 465
2024-05-24 16:16:25.076 [warning] [Decorations] CAPPING events from decorations provider vscode.git 465
2024-05-24 16:16:30.146 [warning] [Decorations] CAPPING events from decorations provider vscode.git 465
2024-05-24 16:16:35.211 [warning] [Decorations] CAPPING events from decorations provider vscode.git 465
2024-05-24 16:16:40.277 [warning] [Decorations] CAPPING events from decorations provider vscode.git 465
2024-05-24 16:16:45.345 [warning] [Decorations] CAPPING events from decorations provider vscode.git 465
2024-05-24 16:16:50.410 [warning] [Decorations] CAPPING events from decorations provider vscode.git 465
2024-05-24 16:16:55.471 [warning] [Decorations] CAPPING events from decorations provider vscode.git 465
2024-05-24 16:17:00.541 [warning] [Decorations] CAPPING events from decorations provider vscode.git 465
2024-05-24 16:17:05.605 [warning] [Decorations] CAPPING events from decorations provider vscode.git 465
2024-05-24 16:17:10.667 [warning] [Decorations] CAPPING events from decorations provider vscode.git 465
2024-05-24 16:17:15.850 [warning] [Decorations] CAPPING events from decorations provider vscode.git 465
2024-05-24 16:17:20.919 [warning] [Decorations] CAPPING events from decorations provider vscode.git 465
2024-05-24 16:17:26.046 [warning] [Decorations] CAPPING events from decorations provider vscode.git 465
2024-05-24 16:17:31.140 [warning] [Decorations] CAPPING events from decorations provider vscode.git 466
2024-05-24 16:17:36.375 [warning] [Decorations] CAPPING events from decorations provider vscode.git 466
2024-05-24 16:17:41.452 [warning] [Decorations] CAPPING events from decorations provider vscode.git 466
2024-05-24 16:17:46.584 [warning] [Decorations] CAPPING events from decorations provider vscode.git 466
2024-05-24 16:17:51.644 [warning] [Decorations] CAPPING events from decorations provider vscode.git 466
2024-05-24 16:17:56.703 [warning] [Decorations] CAPPING events from decorations provider vscode.git 467
2024-05-24 16:18:01.802 [warning] [Decorations] CAPPING events from decorations provider vscode.git 467
2024-05-24 16:18:06.947 [warning] [Decorations] CAPPING events from decorations provider vscode.git 467
2024-05-24 16:18:12.043 [warning] [Decorations] CAPPING events from decorations provider vscode.git 467
2024-05-24 16:18:17.156 [warning] [Decorations] CAPPING events from decorations provider vscode.git 467
2024-05-24 16:18:22.219 [warning] [Decorations] CAPPING events from decorations provider vscode.git 467
2024-05-24 16:18:27.331 [warning] [Decorations] CAPPING events from decorations provider vscode.git 467
2024-05-24 16:18:32.397 [warning] [Decorations] CAPPING events from decorations provider vscode.git 467
2024-05-24 16:18:37.465 [warning] [Decorations] CAPPING events from decorations provider vscode.git 467
2024-05-24 16:18:42.584 [warning] [Decorations] CAPPING events from decorations provider vscode.git 467
2024-05-24 16:18:47.645 [warning] [Decorations] CAPPING events from decorations provider vscode.git 467
2024-05-24 16:18:52.744 [warning] [Decorations] CAPPING events from decorations provider vscode.git 467
2024-05-24 16:18:57.803 [warning] [Decorations] CAPPING events from decorations provider vscode.git 467
2024-05-24 16:19:02.923 [warning] [Decorations] CAPPING events from decorations provider vscode.git 467
2024-05-24 16:19:08.052 [warning] [Decorations] CAPPING events from decorations provider vscode.git 467
2024-05-24 16:19:13.151 [warning] [Decorations] CAPPING events from decorations provider vscode.git 467
2024-05-24 16:19:18.241 [warning] [Decorations] CAPPING events from decorations provider vscode.git 467
2024-05-24 16:19:23.333 [warning] [Decorations] CAPPING events from decorations provider vscode.git 468
2024-05-24 16:19:28.405 [warning] [Decorations] CAPPING events from decorations provider vscode.git 467
2024-05-24 16:19:33.468 [warning] [Decorations] CAPPING events from decorations provider vscode.git 467
2024-05-24 16:19:38.545 [warning] [Decorations] CAPPING events from decorations provider vscode.git 467
2024-05-24 16:19:43.615 [warning] [Decorations] CAPPING events from decorations provider vscode.git 467
2024-05-24 16:19:48.697 [warning] [Decorations] CAPPING events from decorations provider vscode.git 467
2024-05-24 16:19:53.767 [warning] [Decorations] CAPPING events from decorations provider vscode.git 467
2024-05-24 16:19:58.854 [warning] [Decorations] CAPPING events from decorations provider vscode.git 467
2024-05-24 16:20:03.920 [warning] [Decorations] CAPPING events from decorations provider vscode.git 467
2024-05-24 16:20:08.994 [warning] [Decorations] CAPPING events from decorations provider vscode.git 467
2024-05-24 16:20:14.055 [warning] [Decorations] CAPPING events from decorations provider vscode.git 467
2024-05-24 16:20:19.119 [warning] [Decorations] CAPPING events from decorations provider vscode.git 467
2024-05-24 16:20:24.217 [warning] [Decorations] CAPPING events from decorations provider vscode.git 467
2024-05-24 16:20:29.293 [warning] [Decorations] CAPPING events from decorations provider vscode.git 467
2024-05-24 16:20:34.357 [warning] [Decorations] CAPPING events from decorations provider vscode.git 467
2024-05-24 16:20:39.477 [warning] [Decorations] CAPPING events from decorations provider vscode.git 467
2024-05-24 16:20:44.543 [warning] [Decorations] CAPPING events from decorations provider vscode.git 467
2024-05-24 16:20:49.634 [warning] [Decorations] CAPPING events from decorations provider vscode.git 467
2024-05-24 16:20:54.730 [warning] [Decorations] CAPPING events from decorations provider vscode.git 467
2024-05-24 16:20:59.822 [warning] [Decorations] CAPPING events from decorations provider vscode.git 467
2024-05-24 16:21:04.892 [warning] [Decorations] CAPPING events from decorations provider vscode.git 467
2024-05-24 16:21:09.970 [warning] [Decorations] CAPPING events from decorations provider vscode.git 468
2024-05-24 16:21:15.067 [warning] [Decorations] CAPPING events from decorations provider vscode.git 468
2024-05-24 16:21:20.133 [warning] [Decorations] CAPPING events from decorations provider vscode.git 468
2024-05-24 16:21:25.204 [warning] [Decorations] CAPPING events from decorations provider vscode.git 468
2024-05-24 16:21:30.273 [warning] [Decorations] CAPPING events from decorations provider vscode.git 468
2024-05-24 16:21:35.341 [warning] [Decorations] CAPPING events from decorations provider vscode.git 468
2024-05-24 16:21:40.409 [warning] [Decorations] CAPPING events from decorations provider vscode.git 468
2024-05-24 16:21:45.480 [warning] [Decorations] CAPPING events from decorations provider vscode.git 468
2024-05-24 16:21:50.603 [warning] [Decorations] CAPPING events from decorations provider vscode.git 468
2024-05-24 16:21:55.675 [warning] [Decorations] CAPPING events from decorations provider vscode.git 468
2024-05-24 16:22:00.738 [warning] [Decorations] CAPPING events from decorations provider vscode.git 468
2024-05-24 16:22:05.820 [warning] [Decorations] CAPPING events from decorations provider vscode.git 468
2024-05-24 16:22:10.959 [warning] [Decorations] CAPPING events from decorations provider vscode.git 469
2024-05-24 16:22:16.043 [warning] [Decorations] CAPPING events from decorations provider vscode.git 469
2024-05-24 16:22:21.108 [warning] [Decorations] CAPPING events from decorations provider vscode.git 469
2024-05-24 16:22:26.220 [warning] [Decorations] CAPPING events from decorations provider vscode.git 469
2024-05-24 16:22:31.313 [warning] [Decorations] CAPPING events from decorations provider vscode.git 469
2024-05-24 16:22:36.416 [warning] [Decorations] CAPPING events from decorations provider vscode.git 469
2024-05-24 16:22:41.477 [warning] [Decorations] CAPPING events from decorations provider vscode.git 469
2024-05-24 16:22:46.587 [warning] [Decorations] CAPPING events from decorations provider vscode.git 469
2024-05-24 16:22:51.664 [warning] [Decorations] CAPPING events from decorations provider vscode.git 469
2024-05-24 16:22:56.721 [warning] [Decorations] CAPPING events from decorations provider vscode.git 469
2024-05-24 16:23:01.788 [warning] [Decorations] CAPPING events from decorations provider vscode.git 469
2024-05-24 16:23:06.853 [warning] [Decorations] CAPPING events from decorations provider vscode.git 469
2024-05-24 16:23:11.943 [warning] [Decorations] CAPPING events from decorations provider vscode.git 469
2024-05-24 16:23:17.093 [warning] [Decorations] CAPPING events from decorations provider vscode.git 469
2024-05-24 16:23:22.184 [warning] [Decorations] CAPPING events from decorations provider vscode.git 469
2024-05-24 16:23:27.255 [warning] [Decorations] CAPPING events from decorations provider vscode.git 469
2024-05-24 16:23:32.371 [warning] [Decorations] CAPPING events from decorations provider vscode.git 469
2024-05-24 16:23:37.433 [warning] [Decorations] CAPPING events from decorations provider vscode.git 469
2024-05-24 16:23:42.602 [warning] [Decorations] CAPPING events from decorations provider vscode.git 469
2024-05-24 16:23:47.664 [warning] [Decorations] CAPPING events from decorations provider vscode.git 469
2024-05-24 16:23:52.758 [warning] [Decorations] CAPPING events from decorations provider vscode.git 469
2024-05-24 16:23:57.855 [warning] [Decorations] CAPPING events from decorations provider vscode.git 469
2024-05-24 16:24:02.930 [warning] [Decorations] CAPPING events from decorations provider vscode.git 469
2024-05-24 16:24:08.008 [warning] [Decorations] CAPPING events from decorations provider vscode.git 469
2024-05-24 16:24:13.096 [warning] [Decorations] CAPPING events from decorations provider vscode.git 469
2024-05-24 16:24:18.189 [warning] [Decorations] CAPPING events from decorations provider vscode.git 469
2024-05-24 16:24:23.279 [warning] [Decorations] CAPPING events from decorations provider vscode.git 469
2024-05-24 16:24:28.369 [warning] [Decorations] CAPPING events from decorations provider vscode.git 470
2024-05-24 16:24:33.480 [warning] [Decorations] CAPPING events from decorations provider vscode.git 469
2024-05-24 16:24:38.573 [warning] [Decorations] CAPPING events from decorations provider vscode.git 469
2024-05-24 16:24:43.688 [warning] [Decorations] CAPPING events from decorations provider vscode.git 469
2024-05-24 16:24:48.780 [warning] [Decorations] CAPPING events from decorations provider vscode.git 469
2024-05-24 16:24:53.854 [warning] [Decorations] CAPPING events from decorations provider vscode.git 469
2024-05-24 16:24:58.947 [warning] [Decorations] CAPPING events from decorations provider vscode.git 469
2024-05-24 16:25:04.026 [warning] [Decorations] CAPPING events from decorations provider vscode.git 469
2024-05-24 16:25:09.096 [warning] [Decorations] CAPPING events from decorations provider vscode.git 469
2024-05-24 16:25:14.186 [warning] [Decorations] CAPPING events from decorations provider vscode.git 469
2024-05-24 16:25:19.284 [warning] [Decorations] CAPPING events from decorations provider vscode.git 470
2024-05-24 16:25:24.355 [warning] [Decorations] CAPPING events from decorations provider vscode.git 470
2024-05-24 16:25:29.416 [warning] [Decorations] CAPPING events from decorations provider vscode.git 470
2024-05-24 16:25:34.480 [warning] [Decorations] CAPPING events from decorations provider vscode.git 470
2024-05-24 16:25:39.553 [warning] [Decorations] CAPPING events from decorations provider vscode.git 470
2024-05-24 16:25:44.663 [warning] [Decorations] CAPPING events from decorations provider vscode.git 470
2024-05-24 16:25:49.726 [warning] [Decorations] CAPPING events from decorations provider vscode.git 471
2024-05-24 16:25:54.821 [warning] [Decorations] CAPPING events from decorations provider vscode.git 471
2024-05-24 16:25:59.894 [warning] [Decorations] CAPPING events from decorations provider vscode.git 471
2024-05-24 16:26:04.979 [warning] [Decorations] CAPPING events from decorations provider vscode.git 471
2024-05-24 16:26:10.059 [warning] [Decorations] CAPPING events from decorations provider vscode.git 471
2024-05-24 16:26:15.141 [warning] [Decorations] CAPPING events from decorations provider vscode.git 471
2024-05-24 16:26:20.231 [warning] [Decorations] CAPPING events from decorations provider vscode.git 471
2024-05-24 16:26:25.295 [warning] [Decorations] CAPPING events from decorations provider vscode.git 471
2024-05-24 16:26:30.384 [warning] [Decorations] CAPPING events from decorations provider vscode.git 471
2024-05-24 16:26:35.464 [warning] [Decorations] CAPPING events from decorations provider vscode.git 471
2024-05-24 16:26:40.540 [warning] [Decorations] CAPPING events from decorations provider vscode.git 471
2024-05-24 16:26:45.608 [warning] [Decorations] CAPPING events from decorations provider vscode.git 471
2024-05-24 16:26:50.684 [warning] [Decorations] CAPPING events from decorations provider vscode.git 471
2024-05-24 16:26:55.776 [warning] [Decorations] CAPPING events from decorations provider vscode.git 471
2024-05-24 16:27:00.882 [warning] [Decorations] CAPPING events from decorations provider vscode.git 471
2024-05-24 16:27:25.120 [warning] [Decorations] CAPPING events from decorations provider vscode.git 471
2024-05-24 16:27:30.214 [warning] [Decorations] CAPPING events from decorations provider vscode.git 471
2024-05-24 16:27:35.326 [warning] [Decorations] CAPPING events from decorations provider vscode.git 471
2024-05-24 16:27:40.394 [warning] [Decorations] CAPPING events from decorations provider vscode.git 471
2024-05-24 16:27:45.479 [warning] [Decorations] CAPPING events from decorations provider vscode.git 471
2024-05-24 16:27:50.553 [warning] [Decorations] CAPPING events from decorations provider vscode.git 471
2024-05-24 16:27:55.630 [warning] [Decorations] CAPPING events from decorations provider vscode.git 471
2024-05-24 16:28:00.717 [warning] [Decorations] CAPPING events from decorations provider vscode.git 471
2024-05-24 16:28:05.782 [warning] [Decorations] CAPPING events from decorations provider vscode.git 471
2024-05-24 16:28:10.856 [warning] [Decorations] CAPPING events from decorations provider vscode.git 471
2024-05-24 16:28:15.934 [warning] [Decorations] CAPPING events from decorations provider vscode.git 471
2024-05-24 16:28:21.035 [warning] [Decorations] CAPPING events from decorations provider vscode.git 471
2024-05-24 16:28:26.100 [warning] [Decorations] CAPPING events from decorations provider vscode.git 471
2024-05-24 16:28:31.190 [warning] [Decorations] CAPPING events from decorations provider vscode.git 471
2024-05-24 16:28:36.285 [warning] [Decorations] CAPPING events from decorations provider vscode.git 471
2024-05-24 16:28:41.364 [warning] [Decorations] CAPPING events from decorations provider vscode.git 471
2024-05-24 16:28:46.485 [warning] [Decorations] CAPPING events from decorations provider vscode.git 471
2024-05-24 16:28:51.550 [warning] [Decorations] CAPPING events from decorations provider vscode.git 471
2024-05-24 16:28:56.647 [warning] [Decorations] CAPPING events from decorations provider vscode.git 471
2024-05-24 16:29:01.731 [warning] [Decorations] CAPPING events from decorations provider vscode.git 471
2024-05-24 16:29:06.812 [warning] [Decorations] CAPPING events from decorations provider vscode.git 471
2024-05-24 16:29:11.923 [warning] [Decorations] CAPPING events from decorations provider vscode.git 471
2024-05-24 16:29:17.002 [warning] [Decorations] CAPPING events from decorations provider vscode.git 471
2024-05-24 16:29:22.062 [warning] [Decorations] CAPPING events from decorations provider vscode.git 471
2024-05-24 16:29:27.171 [warning] [Decorations] CAPPING events from decorations provider vscode.git 471
2024-05-24 16:29:32.255 [warning] [Decorations] CAPPING events from decorations provider vscode.git 471
2024-05-24 16:29:37.365 [warning] [Decorations] CAPPING events from decorations provider vscode.git 471
2024-05-24 16:29:42.434 [warning] [Decorations] CAPPING events from decorations provider vscode.git 471
2024-05-24 16:29:47.502 [warning] [Decorations] CAPPING events from decorations provider vscode.git 471
2024-05-24 16:29:52.567 [warning] [Decorations] CAPPING events from decorations provider vscode.git 471
2024-05-24 16:29:57.635 [warning] [Decorations] CAPPING events from decorations provider vscode.git 471
2024-05-24 16:30:02.706 [warning] [Decorations] CAPPING events from decorations provider vscode.git 471
2024-05-24 16:30:07.764 [warning] [Decorations] CAPPING events from decorations provider vscode.git 471
2024-05-24 16:30:12.832 [warning] [Decorations] CAPPING events from decorations provider vscode.git 471
2024-05-24 16:30:17.906 [warning] [Decorations] CAPPING events from decorations provider vscode.git 471
2024-05-24 16:30:23.011 [warning] [Decorations] CAPPING events from decorations provider vscode.git 471
2024-05-24 16:30:28.099 [warning] [Decorations] CAPPING events from decorations provider vscode.git 471
2024-05-24 16:30:33.198 [warning] [Decorations] CAPPING events from decorations provider vscode.git 471
2024-05-24 16:30:38.351 [warning] [Decorations] CAPPING events from decorations provider vscode.git 471
2024-05-24 16:30:43.467 [warning] [Decorations] CAPPING events from decorations provider vscode.git 471
2024-05-24 16:30:48.537 [warning] [Decorations] CAPPING events from decorations provider vscode.git 471
2024-05-24 16:30:53.696 [warning] [Decorations] CAPPING events from decorations provider vscode.git 471
2024-05-24 16:30:58.835 [warning] [Decorations] CAPPING events from decorations provider vscode.git 471
2024-05-24 16:31:03.898 [warning] [Decorations] CAPPING events from decorations provider vscode.git 471
2024-05-24 16:31:09.008 [warning] [Decorations] CAPPING events from decorations provider vscode.git 471
2024-05-24 16:31:14.090 [warning] [Decorations] CAPPING events from decorations provider vscode.git 471
2024-05-24 16:31:19.230 [warning] [Decorations] CAPPING events from decorations provider vscode.git 472
2024-05-24 16:31:24.323 [warning] [Decorations] CAPPING events from decorations provider vscode.git 472
2024-05-24 16:31:29.405 [warning] [Decorations] CAPPING events from decorations provider vscode.git 471
2024-05-24 16:31:34.529 [warning] [Decorations] CAPPING events from decorations provider vscode.git 471
2024-05-24 16:31:39.617 [warning] [Decorations] CAPPING events from decorations provider vscode.git 471
2024-05-24 16:31:44.732 [warning] [Decorations] CAPPING events from decorations provider vscode.git 471
2024-05-24 16:31:49.833 [warning] [Decorations] CAPPING events from decorations provider vscode.git 471
2024-05-24 16:31:54.924 [warning] [Decorations] CAPPING events from decorations provider vscode.git 471
2024-05-24 16:32:00.031 [warning] [Decorations] CAPPING events from decorations provider vscode.git 471
2024-05-24 16:32:05.126 [warning] [Decorations] CAPPING events from decorations provider vscode.git 471
2024-05-24 16:32:10.193 [warning] [Decorations] CAPPING events from decorations provider vscode.git 471
2024-05-24 16:32:15.278 [warning] [Decorations] CAPPING events from decorations provider vscode.git 471
2024-05-24 16:32:20.349 [warning] [Decorations] CAPPING events from decorations provider vscode.git 471
2024-05-24 16:32:25.413 [warning] [Decorations] CAPPING events from decorations provider vscode.git 471
2024-05-24 16:32:30.482 [warning] [Decorations] CAPPING events from decorations provider vscode.git 471
2024-05-24 16:32:35.543 [warning] [Decorations] CAPPING events from decorations provider vscode.git 471
2024-05-24 16:32:40.614 [warning] [Decorations] CAPPING events from decorations provider vscode.git 471
2024-05-24 16:32:45.679 [warning] [Decorations] CAPPING events from decorations provider vscode.git 471
2024-05-24 16:32:50.788 [warning] [Decorations] CAPPING events from decorations provider vscode.git 472
2024-05-24 16:32:55.856 [warning] [Decorations] CAPPING events from decorations provider vscode.git 471
2024-05-24 16:33:00.930 [warning] [Decorations] CAPPING events from decorations provider vscode.git 471
2024-05-24 16:33:06.007 [warning] [Decorations] CAPPING events from decorations provider vscode.git 471
2024-05-24 16:33:11.062 [warning] [Decorations] CAPPING events from decorations provider vscode.git 471
2024-05-24 16:33:16.186 [warning] [Decorations] CAPPING events from decorations provider vscode.git 472
2024-05-24 16:33:21.277 [warning] [Decorations] CAPPING events from decorations provider vscode.git 472
2024-05-24 16:33:26.384 [warning] [Decorations] CAPPING events from decorations provider vscode.git 472
2024-05-24 16:33:31.486 [warning] [Decorations] CAPPING events from decorations provider vscode.git 472
2024-05-24 16:33:36.582 [warning] [Decorations] CAPPING events from decorations provider vscode.git 472
2024-05-24 16:33:41.657 [warning] [Decorations] CAPPING events from decorations provider vscode.git 472
2024-05-24 16:33:46.782 [warning] [Decorations] CAPPING events from decorations provider vscode.git 472
2024-05-24 16:33:51.880 [warning] [Decorations] CAPPING events from decorations provider vscode.git 472
2024-05-24 16:34:00.876 [warning] [Decorations] CAPPING events from decorations provider vscode.git 473
2024-05-24 16:34:05.945 [warning] [Decorations] CAPPING events from decorations provider vscode.git 473
2024-05-24 16:34:11.058 [warning] [Decorations] CAPPING events from decorations provider vscode.git 472
2024-05-24 16:34:16.119 [warning] [Decorations] CAPPING events from decorations provider vscode.git 472
2024-05-24 16:34:21.210 [warning] [Decorations] CAPPING events from decorations provider vscode.git 472
2024-05-24 16:34:26.311 [warning] [Decorations] CAPPING events from decorations provider vscode.git 472
2024-05-24 16:34:31.396 [warning] [Decorations] CAPPING events from decorations provider vscode.git 472
2024-05-24 16:34:36.470 [warning] [Decorations] CAPPING events from decorations provider vscode.git 472
2024-05-24 16:34:41.618 [warning] [Decorations] CAPPING events from decorations provider vscode.git 472
2024-05-24 16:34:46.713 [warning] [Decorations] CAPPING events from decorations provider vscode.git 472
2024-05-24 16:34:51.781 [warning] [Decorations] CAPPING events from decorations provider vscode.git 472
2024-05-24 16:34:56.854 [warning] [Decorations] CAPPING events from decorations provider vscode.git 472
2024-05-24 16:35:01.916 [warning] [Decorations] CAPPING events from decorations provider vscode.git 472
2024-05-24 16:35:07.022 [warning] [Decorations] CAPPING events from decorations provider vscode.git 472
2024-05-24 16:35:12.110 [warning] [Decorations] CAPPING events from decorations provider vscode.git 472
2024-05-24 16:35:17.270 [warning] [Decorations] CAPPING events from decorations provider vscode.git 472
2024-05-24 16:35:22.339 [warning] [Decorations] CAPPING events from decorations provider vscode.git 472
2024-05-24 16:35:27.450 [warning] [Decorations] CAPPING events from decorations provider vscode.git 472
2024-05-24 16:35:32.542 [warning] [Decorations] CAPPING events from decorations provider vscode.git 472
2024-05-24 16:35:37.633 [warning] [Decorations] CAPPING events from decorations provider vscode.git 472
2024-05-24 16:35:42.773 [warning] [Decorations] CAPPING events from decorations provider vscode.git 472
2024-05-24 16:35:47.863 [warning] [Decorations] CAPPING events from decorations provider vscode.git 472
2024-05-24 16:35:52.947 [warning] [Decorations] CAPPING events from decorations provider vscode.git 472
2024-05-24 16:35:58.126 [warning] [Decorations] CAPPING events from decorations provider vscode.git 472
2024-05-24 16:36:03.196 [warning] [Decorations] CAPPING events from decorations provider vscode.git 472
2024-05-24 16:36:08.254 [warning] [Decorations] CAPPING events from decorations provider vscode.git 472
2024-05-24 16:36:13.324 [warning] [Decorations] CAPPING events from decorations provider vscode.git 472
2024-05-24 16:36:18.435 [warning] [Decorations] CAPPING events from decorations provider vscode.git 472
2024-05-24 16:36:23.541 [warning] [Decorations] CAPPING events from decorations provider vscode.git 472
2024-05-24 16:36:28.612 [warning] [Decorations] CAPPING events from decorations provider vscode.git 472
2024-05-24 16:36:33.681 [warning] [Decorations] CAPPING events from decorations provider vscode.git 472
2024-05-24 16:36:38.772 [warning] [Decorations] CAPPING events from decorations provider vscode.git 472
2024-05-24 16:36:43.852 [warning] [Decorations] CAPPING events from decorations provider vscode.git 472
2024-05-24 16:36:48.965 [warning] [Decorations] CAPPING events from decorations provider vscode.git 472
2024-05-24 16:36:54.074 [warning] [Decorations] CAPPING events from decorations provider vscode.git 472
2024-05-24 16:36:59.227 [warning] [Decorations] CAPPING events from decorations provider vscode.git 472
2024-05-24 16:37:04.295 [warning] [Decorations] CAPPING events from decorations provider vscode.git 472
2024-05-24 16:37:09.395 [warning] [Decorations] CAPPING events from decorations provider vscode.git 472
2024-05-24 16:37:14.516 [warning] [Decorations] CAPPING events from decorations provider vscode.git 472
2024-05-24 16:37:19.579 [warning] [Decorations] CAPPING events from decorations provider vscode.git 472
2024-05-24 16:37:24.642 [warning] [Decorations] CAPPING events from decorations provider vscode.git 472
2024-05-24 16:37:29.775 [warning] [Decorations] CAPPING events from decorations provider vscode.git 472
2024-05-24 16:37:34.835 [warning] [Decorations] CAPPING events from decorations provider vscode.git 472
2024-05-24 16:37:39.929 [warning] [Decorations] CAPPING events from decorations provider vscode.git 472
2024-05-24 16:37:44.995 [warning] [Decorations] CAPPING events from decorations provider vscode.git 472
2024-05-24 16:37:50.070 [warning] [Decorations] CAPPING events from decorations provider vscode.git 472
2024-05-24 16:37:55.209 [warning] [Decorations] CAPPING events from decorations provider vscode.git 472
2024-05-24 16:38:00.332 [warning] [Decorations] CAPPING events from decorations provider vscode.git 472
2024-05-24 16:38:05.383 [warning] [Decorations] CAPPING events from decorations provider vscode.git 472
2024-05-24 16:38:10.449 [warning] [Decorations] CAPPING events from decorations provider vscode.git 472
2024-05-24 16:38:15.513 [warning] [Decorations] CAPPING events from decorations provider vscode.git 472
2024-05-24 16:38:20.632 [warning] [Decorations] CAPPING events from decorations provider vscode.git 472
2024-05-24 16:38:25.697 [warning] [Decorations] CAPPING events from decorations provider vscode.git 472
2024-05-24 16:38:30.765 [warning] [Decorations] CAPPING events from decorations provider vscode.git 472
2024-05-24 16:38:35.827 [warning] [Decorations] CAPPING events from decorations provider vscode.git 472
2024-05-24 16:38:40.898 [warning] [Decorations] CAPPING events from decorations provider vscode.git 472
2024-05-24 16:38:45.959 [warning] [Decorations] CAPPING events from decorations provider vscode.git 472
2024-05-24 16:38:51.011 [warning] [Decorations] CAPPING events from decorations provider vscode.git 472
2024-05-24 16:38:56.093 [warning] [Decorations] CAPPING events from decorations provider vscode.git 472
2024-05-24 16:39:01.174 [warning] [Decorations] CAPPING events from decorations provider vscode.git 472
2024-05-24 16:39:06.242 [warning] [Decorations] CAPPING events from decorations provider vscode.git 472
2024-05-24 16:39:11.350 [warning] [Decorations] CAPPING events from decorations provider vscode.git 473
2024-05-24 16:39:25.879 [warning] [Decorations] CAPPING events from decorations provider vscode.git 473
2024-05-24 16:39:30.945 [warning] [Decorations] CAPPING events from decorations provider vscode.git 473
2024-05-24 16:39:36.039 [warning] [Decorations] CAPPING events from decorations provider vscode.git 472
2024-05-24 16:39:41.117 [warning] [Decorations] CAPPING events from decorations provider vscode.git 472
2024-05-24 16:39:46.180 [warning] [Decorations] CAPPING events from decorations provider vscode.git 472
2024-05-24 16:39:51.267 [warning] [Decorations] CAPPING events from decorations provider vscode.git 472
2024-05-24 16:39:56.367 [warning] [Decorations] CAPPING events from decorations provider vscode.git 472
2024-05-24 16:40:01.440 [warning] [Decorations] CAPPING events from decorations provider vscode.git 472
2024-05-24 16:40:06.554 [warning] [Decorations] CAPPING events from decorations provider vscode.git 472
2024-05-24 16:40:11.630 [warning] [Decorations] CAPPING events from decorations provider vscode.git 472
2024-05-24 16:40:16.688 [warning] [Decorations] CAPPING events from decorations provider vscode.git 472
2024-05-24 16:40:21.768 [warning] [Decorations] CAPPING events from decorations provider vscode.git 472
2024-05-24 16:40:26.825 [warning] [Decorations] CAPPING events from decorations provider vscode.git 472
2024-05-24 16:40:31.899 [warning] [Decorations] CAPPING events from decorations provider vscode.git 472
2024-05-24 16:40:37.027 [warning] [Decorations] CAPPING events from decorations provider vscode.git 472
2024-05-24 16:40:42.082 [warning] [Decorations] CAPPING events from decorations provider vscode.git 472
2024-05-24 16:40:47.190 [warning] [Decorations] CAPPING events from decorations provider vscode.git 472
2024-05-24 16:40:52.298 [warning] [Decorations] CAPPING events from decorations provider vscode.git 472
2024-05-24 16:40:57.383 [warning] [Decorations] CAPPING events from decorations provider vscode.git 472
2024-05-24 16:41:02.485 [warning] [Decorations] CAPPING events from decorations provider vscode.git 472
2024-05-24 16:41:07.548 [warning] [Decorations] CAPPING events from decorations provider vscode.git 472
2024-05-24 16:41:12.649 [warning] [Decorations] CAPPING events from decorations provider vscode.git 472
2024-05-24 16:41:17.726 [warning] [Decorations] CAPPING events from decorations provider vscode.git 472
2024-05-24 16:41:22.811 [warning] [Decorations] CAPPING events from decorations provider vscode.git 472
2024-05-24 16:41:27.883 [warning] [Decorations] CAPPING events from decorations provider vscode.git 472
2024-05-24 16:41:32.986 [warning] [Decorations] CAPPING events from decorations provider vscode.git 472
2024-05-24 16:41:45.839 [warning] [Decorations] CAPPING events from decorations provider vscode.git 473
2024-05-24 16:41:50.923 [warning] [Decorations] CAPPING events from decorations provider vscode.git 473
2024-05-24 16:41:56.032 [warning] [Decorations] CAPPING events from decorations provider vscode.git 472
2024-05-24 16:42:01.179 [warning] [Decorations] CAPPING events from decorations provider vscode.git 472
2024-05-24 16:42:06.265 [warning] [Decorations] CAPPING events from decorations provider vscode.git 472
2024-05-24 16:42:11.329 [warning] [Decorations] CAPPING events from decorations provider vscode.git 472
2024-05-24 16:42:16.419 [warning] [Decorations] CAPPING events from decorations provider vscode.git 472
2024-05-24 16:42:21.512 [warning] [Decorations] CAPPING events from decorations provider vscode.git 472
2024-05-24 16:42:26.647 [warning] [Decorations] CAPPING events from decorations provider vscode.git 473
2024-05-24 16:42:31.711 [warning] [Decorations] CAPPING events from decorations provider vscode.git 472
2024-05-24 16:42:36.778 [warning] [Decorations] CAPPING events from decorations provider vscode.git 472
2024-05-24 16:42:41.892 [warning] [Decorations] CAPPING events from decorations provider vscode.git 472
2024-05-24 16:42:46.956 [warning] [Decorations] CAPPING events from decorations provider vscode.git 473
2024-05-24 16:42:52.070 [warning] [Decorations] CAPPING events from decorations provider vscode.git 473
2024-05-24 16:42:57.154 [warning] [Decorations] CAPPING events from decorations provider vscode.git 473
2024-05-24 16:43:02.216 [warning] [Decorations] CAPPING events from decorations provider vscode.git 473
2024-05-24 16:43:07.279 [warning] [Decorations] CAPPING events from decorations provider vscode.git 473
2024-05-24 16:43:12.365 [warning] [Decorations] CAPPING events from decorations provider vscode.git 473
2024-05-24 16:43:17.453 [warning] [Decorations] CAPPING events from decorations provider vscode.git 473
2024-05-24 16:43:22.553 [warning] [Decorations] CAPPING events from decorations provider vscode.git 473
2024-05-24 16:43:27.617 [warning] [Decorations] CAPPING events from decorations provider vscode.git 473
2024-05-24 16:43:36.123 [warning] [Decorations] CAPPING events from decorations provider vscode.git 474
2024-05-24 16:43:41.231 [warning] [Decorations] CAPPING events from decorations provider vscode.git 474
2024-05-24 16:43:52.651 [warning] [Decorations] CAPPING events from decorations provider vscode.git 475
2024-05-24 16:43:54.864 [info] Extension host terminating: renderer closed the MessagePort
2024-05-24 16:43:54.908 [error] Canceled: Canceled
	at new O (/usr/lib/code/out/vs/workbench/api/node/extensionHostProcess.js:143:47131)
	at c.U (/usr/lib/code/out/vs/workbench/api/node/extensionHostProcess.js:150:5542)
	at F.<computed>.z.charCodeAt.F.<computed> (/usr/lib/code/out/vs/workbench/api/node/extensionHostProcess.js:150:2993)
	at r.g (/usr/lib/code/out/vs/workbench/api/node/extensionHostProcess.js:153:188926)
	at r.executeCommand (/usr/lib/code/out/vs/workbench/api/node/extensionHostProcess.js:153:188364)
	at k.registerCommand.description (/usr/lib/code/out/vs/workbench/api/node/extensionHostProcess.js:153:187688)
	at r.h (/usr/lib/code/out/vs/workbench/api/node/extensionHostProcess.js:153:189465)
	at r.g (/usr/lib/code/out/vs/workbench/api/node/extensionHostProcess.js:153:188457)
	at r.executeCommand (/usr/lib/code/out/vs/workbench/api/node/extensionHostProcess.js:153:188364)
	at Object.executeCommand (/usr/lib/code/out/vs/workbench/api/node/extensionHostProcess.js:163:22673)
	at a.O [as value] (/usr/lib/code/extensions/git/dist/main.js:2:945138)
	at o.y (/usr/lib/code/out/vs/workbench/api/node/extensionHostProcess.js:82:660)
	at o.z (/usr/lib/code/out/vs/workbench/api/node/extensionHostProcess.js:82:730)
	at o.fire (/usr/lib/code/out/vs/workbench/api/node/extensionHostProcess.js:82:946)
	at Object.p [as dispose] (/usr/lib/code/extensions/git/dist/main.js:2:964222)
	at /usr/lib/code/extensions/git/dist/main.js:2:970260
	at Array.forEach (<anonymous>)
	at f.dispose (/usr/lib/code/extensions/git/dist/main.js:2:970246)
	at h.<anonymous> (/usr/lib/code/out/vs/workbench/api/node/extensionHostProcess.js:151:3955)
	at h.dispose (/usr/lib/code/out/vs/workbench/api/node/extensionHostProcess.js:151:4052)
	at h.<anonymous> (/usr/lib/code/extensions/git/dist/main.js:2:947395)
	at h.dispose (/usr/lib/code/out/vs/workbench/api/node/extensionHostProcess.js:151:4052)
	at a (/usr/lib/code/out/vs/workbench/api/node/extensionHostProcess.js:30:744)
	at f.eb (/usr/lib/code/out/vs/workbench/api/node/extensionHostProcess.js:159:9975)
	at /usr/lib/code/out/vs/workbench/api/node/extensionHostProcess.js:159:7824
	at Array.map (<anonymous>)
	at f.$ (/usr/lib/code/out/vs/workbench/api/node/extensionHostProcess.js:159:7811)
	at f.terminate (/usr/lib/code/out/vs/workbench/api/node/extensionHostProcess.js:159:8085)
	at a.terminate (/usr/lib/code/out/vs/workbench/api/node/extensionHostProcess.js:163:1513)
	at t (/usr/lib/code/out/vs/workbench/api/node/extensionHostProcess.js:176:9922)
	at MessagePortMain.<anonymous> (/usr/lib/code/out/vs/workbench/api/node/extensionHostProcess.js:176:6347)
	at MessagePortMain.emit (node:events:517:28)
	at MessagePortMain._internalPort.emit (node:electron/js2c/utility_init:2:2285) setContext undefined
2024-05-24 16:43:54.910 [error] Canceled: Canceled
	at new O (/usr/lib/code/out/vs/workbench/api/node/extensionHostProcess.js:143:47131)
	at c.U (/usr/lib/code/out/vs/workbench/api/node/extensionHostProcess.js:150:5542)
	at F.<computed>.z.charCodeAt.F.<computed> (/usr/lib/code/out/vs/workbench/api/node/extensionHostProcess.js:150:2993)
	at r.g (/usr/lib/code/out/vs/workbench/api/node/extensionHostProcess.js:153:188926)
	at r.executeCommand (/usr/lib/code/out/vs/workbench/api/node/extensionHostProcess.js:153:188364)
	at k.registerCommand.description (/usr/lib/code/out/vs/workbench/api/node/extensionHostProcess.js:153:187688)
	at r.h (/usr/lib/code/out/vs/workbench/api/node/extensionHostProcess.js:153:189465)
	at r.g (/usr/lib/code/out/vs/workbench/api/node/extensionHostProcess.js:153:188457)
	at r.executeCommand (/usr/lib/code/out/vs/workbench/api/node/extensionHostProcess.js:153:188364)
	at Object.executeCommand (/usr/lib/code/out/vs/workbench/api/node/extensionHostProcess.js:163:22673)
	at set hasGitHubRepositories [as hasGitHubRepositories] (/usr/lib/code/extensions/github/dist/extension.js:2:322969)
	at /usr/lib/code/extensions/github/dist/extension.js:2:323928
	at a.value (/usr/lib/code/extensions/git/dist/main.js:2:1050711)
	at o.y (/usr/lib/code/out/vs/workbench/api/node/extensionHostProcess.js:82:660)
	at o.z (/usr/lib/code/out/vs/workbench/api/node/extensionHostProcess.js:82:730)
	at o.fire (/usr/lib/code/out/vs/workbench/api/node/extensionHostProcess.js:82:946)
	at Object.p [as dispose] (/usr/lib/code/extensions/git/dist/main.js:2:964222)
	at /usr/lib/code/extensions/git/dist/main.js:2:970260
	at Array.forEach (<anonymous>)
	at f.dispose (/usr/lib/code/extensions/git/dist/main.js:2:970246)
	at h.<anonymous> (/usr/lib/code/out/vs/workbench/api/node/extensionHostProcess.js:151:3955)
	at h.dispose (/usr/lib/code/out/vs/workbench/api/node/extensionHostProcess.js:151:4052)
	at h.<anonymous> (/usr/lib/code/extensions/git/dist/main.js:2:947395)
	at h.dispose (/usr/lib/code/out/vs/workbench/api/node/extensionHostProcess.js:151:4052)
	at a (/usr/lib/code/out/vs/workbench/api/node/extensionHostProcess.js:30:744)
	at f.eb (/usr/lib/code/out/vs/workbench/api/node/extensionHostProcess.js:159:9975)
	at /usr/lib/code/out/vs/workbench/api/node/extensionHostProcess.js:159:7824
	at Array.map (<anonymous>)
	at f.$ (/usr/lib/code/out/vs/workbench/api/node/extensionHostProcess.js:159:7811)
	at f.terminate (/usr/lib/code/out/vs/workbench/api/node/extensionHostProcess.js:159:8085)
	at a.terminate (/usr/lib/code/out/vs/workbench/api/node/extensionHostProcess.js:163:1513)
	at t (/usr/lib/code/out/vs/workbench/api/node/extensionHostProcess.js:176:9922)
	at MessagePortMain.<anonymous> (/usr/lib/code/out/vs/workbench/api/node/extensionHostProcess.js:176:6347)
	at MessagePortMain.emit (node:events:517:28)
	at MessagePortMain._internalPort.emit (node:electron/js2c/utility_init:2:2285) setContext undefined
2024-05-24 16:43:54.910 [info] Extension host with pid 9340 exiting with code 0
