2024-05-21 10:49:00.569 [info] Extension host with pid 32928 started
2024-05-21 10:49:00.569 [info] Skipping acquiring lock for /home/rocky/.config/Code - OSS/User/workspaceStorage/06623db7c9b53198d84702df3fe94a44.
2024-05-21 10:49:01.144 [info] ExtensionService#_doActivateExtension vscode.emmet, startup: false, activationEvent: 'onLanguage'
2024-05-21 10:49:01.253 [info] ExtensionService#_doActivateExtension vscode.git-base, startup: true, activationEvent: '*', root cause: vscode.git
2024-05-21 10:49:01.294 [info] ExtensionService#_doActivateExtension vscode.git, startup: true, activationEvent: '*'
2024-05-21 10:49:01.344 [info] ExtensionService#_doActivateExtension vscode.github, startup: true, activationEvent: '*'
2024-05-21 10:49:01.468 [info] Eager extensions activated
2024-05-21 10:49:01.528 [info] ExtensionService#_doActivateExtension vscode.debug-auto-launch, startup: false, activationEvent: 'onStartupFinished'
2024-05-21 10:49:01.532 [info] ExtensionService#_doActivateExtension vscode.merge-conflict, startup: false, activationEvent: 'onStartupFinished'
2024-05-21 10:51:12.219 [info] Extension host terminating: renderer closed the MessagePort
2024-05-21 10:51:12.245 [info] Extension host with pid 32928 exiting with code 0
2024-05-21 10:51:15.269 [info] Extension host with pid 33387 started
2024-05-21 10:51:15.269 [info] Skipping acquiring lock for /home/rocky/.config/Code - OSS/User/workspaceStorage/81e1d4f09165eac7c93cf4cfd00b25e8.
2024-05-21 10:51:15.333 [info] ExtensionService#_doActivateExtension vscode.emmet, startup: false, activationEvent: 'onLanguage'
2024-05-21 10:51:15.349 [info] ExtensionService#_doActivateExtension vscode.css-language-features, startup: false, activationEvent: 'onLanguage:css'
2024-05-21 10:51:16.038 [info] ExtensionService#_doActivateExtension vscode.git-base, startup: true, activationEvent: '*', root cause: vscode.git
2024-05-21 10:51:16.057 [info] ExtensionService#_doActivateExtension vscode.git, startup: true, activationEvent: '*'
2024-05-21 10:51:16.112 [info] ExtensionService#_doActivateExtension vscode.github, startup: true, activationEvent: '*'
2024-05-21 10:51:16.217 [info] Eager extensions activated
2024-05-21 10:51:16.258 [info] ExtensionService#_doActivateExtension vscode.debug-auto-launch, startup: false, activationEvent: 'onStartupFinished'
2024-05-21 10:51:16.262 [info] ExtensionService#_doActivateExtension vscode.merge-conflict, startup: false, activationEvent: 'onStartupFinished'
2024-05-21 10:51:24.890 [info] ExtensionService#_doActivateExtension vscode.json-language-features, startup: false, activationEvent: 'onLanguage:jsonc'
2024-05-21 10:51:24.965 [info] ExtensionService#_doActivateExtension vscode.typescript-language-features, startup: false, activationEvent: 'onLanguage:jsonc'
2024-05-21 11:00:22.816 [info] Extension host terminating: renderer closed the MessagePort
2024-05-21 11:00:22.844 [info] Extension host with pid 33387 exiting with code 0
