2024-05-24 16:05:41.183 [info] Log level: Info
2024-05-24 16:05:41.183 [info] Validating found git in: "git"
2024-05-24 16:05:41.183 [info] Using git "2.45.1" from "git"
2024-05-24 16:05:41.183 [info] > git rev-parse --show-toplevel [5ms]
2024-05-24 16:05:41.183 [info] > git rev-parse --show-toplevel [3ms]
2024-05-24 16:05:41.200 [info] > git rev-parse --show-toplevel [7ms]
2024-05-24 16:05:41.220 [info] > git rev-parse --show-toplevel [12ms]
2024-05-24 16:05:41.329 [info] > git rev-parse --show-toplevel [3ms]
2024-05-24 16:05:41.340 [info] > git rev-parse --show-toplevel [2ms]
2024-05-24 16:05:41.349 [info] > git rev-parse --show-toplevel [3ms]
2024-05-24 16:06:42.367 [info] > git rev-parse --show-toplevel [3ms]
2024-05-24 16:08:02.481 [info] Log level: Info
2024-05-24 16:08:02.481 [info] Validating found git in: "git"
2024-05-24 16:08:02.481 [info] Using git "2.45.1" from "git"
2024-05-24 16:08:02.481 [info] > git rev-parse --show-toplevel [8ms]
2024-05-24 16:08:02.498 [info] > git rev-parse --git-dir --git-common-dir [6ms]
2024-05-24 16:08:02.529 [info] Open repository: /home/rocky/HyprV2
2024-05-24 16:08:02.553 [info] > git rev-parse --show-toplevel [4ms]
2024-05-24 16:08:02.555 [info] > git config --get commit.template [12ms]
2024-05-24 16:08:02.610 [info] > git rev-parse --show-toplevel [44ms]
2024-05-24 16:08:02.639 [info] > git for-each-ref --format=%(refname)%00%(upstream:short)%00%(objectname)%00%(upstream:track)%00%(upstream:remotename)%00%(upstream:remoteref) refs/heads/main refs/remotes/main [31ms]
2024-05-24 16:08:02.651 [warning] ENOENT: no such file or directory, open '/home/rocky/HyprV2/.git/refs/remotes/origin/main'
2024-05-24 16:08:02.653 [info] > git rev-parse --show-toplevel [15ms]
2024-05-24 16:08:02.664 [info] > git rev-parse refs/remotes/origin/main [12ms]
2024-05-24 16:08:02.677 [info] > git rev-parse --show-toplevel [14ms]
2024-05-24 16:08:02.688 [info] > git rev-parse --show-toplevel [2ms]
2024-05-24 16:08:02.709 [info] > git rev-parse --show-toplevel [3ms]
2024-05-24 16:08:02.728 [info] > git rev-parse --show-toplevel [6ms]
2024-05-24 16:08:02.746 [info] > git status -z -uall [72ms]
2024-05-24 16:08:02.792 [info] > git merge-base refs/heads/main refs/remotes/origin/main [34ms]
2024-05-24 16:08:02.808 [info] > git rev-parse --show-toplevel [65ms]
2024-05-24 16:08:02.820 [info] > git rev-list --count --left-right refs/heads/main...refs/remotes/origin/main [13ms]
2024-05-24 16:08:02.837 [info] > git config --get commit.template [48ms]
2024-05-24 16:08:02.840 [info] > git diff --name-status -z --diff-filter=ADMR 6ca0a82f1e80dea17dd80c3d4b8c5696e6e1c171...refs/remotes/origin/main [3ms]
2024-05-24 16:08:02.842 [info] > git rev-parse --show-toplevel [23ms]
2024-05-24 16:08:02.889 [info] > git rev-parse --show-toplevel [4ms]
2024-05-24 16:08:02.891 [info] > git for-each-ref --format=%(refname)%00%(upstream:short)%00%(objectname)%00%(upstream:track)%00%(upstream:remotename)%00%(upstream:remoteref) refs/heads/main refs/remotes/main [10ms]
2024-05-24 16:08:02.896 [warning] ENOENT: no such file or directory, open '/home/rocky/HyprV2/.git/refs/remotes/origin/main'
2024-05-24 16:08:02.898 [info] > git rev-parse refs/remotes/origin/main [2ms]
2024-05-24 16:08:02.945 [info] > git status -z -uall [39ms]
2024-05-24 16:08:03.131 [info] > git check-ignore -v -z --stdin [11ms]
2024-05-24 16:08:03.461 [info] > git show --textconv :set-hypr [15ms]
2024-05-24 16:08:03.464 [info] > git ls-files --stage -- /home/rocky/HyprV2/set-hypr [4ms]
2024-05-24 16:08:03.477 [info] > git cat-file -s 0dea90e3bed27cc5e83a87126ca1814ae6391e4c [6ms]
