2024-05-21 10:49:07.024 [info] Extension host with pid 33139 started
2024-05-21 10:49:07.182 [info] ExtensionService#_doActivateExtension vscode.git-base, startup: true, activationEvent: '*', root cause: vscode.git
2024-05-21 10:49:07.200 [info] ExtensionService#_doActivateExtension vscode.git, startup: true, activationEvent: '*'
2024-05-21 10:49:07.267 [info] ExtensionService#_doActivateExtension vscode.github, startup: true, activationEvent: '*'
2024-05-21 10:49:07.425 [info] Eager extensions activated
2024-05-21 10:49:07.472 [info] ExtensionService#_doActivateExtension vscode.debug-auto-launch, startup: false, activationEvent: 'onStartupFinished'
2024-05-21 10:49:07.490 [info] ExtensionService#_doActivateExtension vscode.merge-conflict, startup: false, activationEvent: 'onStartupFinished'
2024-05-21 10:51:39.605 [info] ExtensionService#_doActivateExtension vscode.json-language-features, startup: false, activationEvent: 'onLanguage:jsonc'
2024-05-21 10:51:39.670 [info] ExtensionService#_doActivateExtension vscode.typescript-language-features, startup: false, activationEvent: 'onLanguage:jsonc'
2024-05-21 10:51:39.762 [info] ExtensionService#_doActivateExtension vscode.emmet, startup: false, activationEvent: 'onLanguage'
2024-05-21 10:51:52.461 [info] Extension host terminating: renderer closed the MessagePort
2024-05-21 10:51:52.480 [info] Extension host with pid 33139 exiting with code 0
2024-05-21 10:51:56.427 [info] Extension host with pid 33521 started
2024-05-21 10:51:56.427 [info] Skipping acquiring lock for /home/rocky/.config/Code - OSS/User/workspaceStorage/2529bc98162a19095fcbd4f4b72d5a27.
2024-05-21 10:51:56.442 [info] ExtensionService#_doActivateExtension vscode.git-base, startup: true, activationEvent: '*'
2024-05-21 10:51:56.452 [info] ExtensionService#_doActivateExtension vscode.github, startup: true, activationEvent: '*'
2024-05-21 10:51:56.465 [info] Eager extensions activated
2024-05-21 10:51:56.484 [info] ExtensionService#_doActivateExtension vscode.debug-auto-launch, startup: false, activationEvent: 'onStartupFinished'
2024-05-21 10:51:56.488 [info] ExtensionService#_doActivateExtension vscode.merge-conflict, startup: false, activationEvent: 'onStartupFinished'
2024-05-21 10:52:01.537 [info] ExtensionService#_doActivateExtension vscode.git, startup: false, activationEvent: 'api', root cause: vscode.github
2024-05-21 10:52:02.507 [info] ExtensionService#_doActivateExtension vscode.json-language-features, startup: false, activationEvent: 'onLanguage:jsonc'
2024-05-21 10:52:02.539 [info] ExtensionService#_doActivateExtension vscode.typescript-language-features, startup: false, activationEvent: 'onLanguage:jsonc'
2024-05-21 10:52:02.602 [info] ExtensionService#_doActivateExtension vscode.emmet, startup: false, activationEvent: 'onLanguage'
2024-05-21 10:56:57.172 [info] Extension host terminating: renderer closed the MessagePort
2024-05-21 10:56:57.215 [info] Extension host with pid 33521 exiting with code 0
2024-05-21 10:57:00.132 [info] Extension host with pid 33721 started
2024-05-21 10:57:00.132 [info] Skipping acquiring lock for /home/rocky/.config/Code - OSS/User/workspaceStorage/dc676a0012d9a0efc7d0d69cdaea1bb2.
2024-05-21 10:57:00.180 [info] ExtensionService#_doActivateExtension vscode.git-base, startup: true, activationEvent: '*'
2024-05-21 10:57:00.192 [info] ExtensionService#_doActivateExtension vscode.github, startup: true, activationEvent: '*'
2024-05-21 10:57:00.220 [info] Eager extensions activated
2024-05-21 10:57:00.358 [info] ExtensionService#_doActivateExtension vscode.debug-auto-launch, startup: false, activationEvent: 'onStartupFinished'
2024-05-21 10:57:00.362 [info] ExtensionService#_doActivateExtension vscode.merge-conflict, startup: false, activationEvent: 'onStartupFinished'
2024-05-21 10:57:02.916 [info] ExtensionService#_doActivateExtension vscode.git, startup: false, activationEvent: 'api', root cause: vscode.github
2024-05-21 10:57:03.947 [info] ExtensionService#_doActivateExtension vscode.emmet, startup: false, activationEvent: 'onLanguage'
2024-05-21 10:57:05.242 [info] ExtensionService#_doActivateExtension vscode.typescript-language-features, startup: false, activationEvent: 'onLanguage:javascript'
2024-05-21 10:57:29.144 [info] Extension host terminating: renderer closed the MessagePort
2024-05-21 10:57:29.165 [info] Extension host with pid 33721 exiting with code 0
2024-05-21 10:57:31.355 [info] Extension host with pid 33834 started
2024-05-21 10:57:31.355 [info] Skipping acquiring lock for /home/rocky/.config/Code - OSS/User/workspaceStorage/5f6224706f0e465c0b4bc3bdb8c9fecd.
2024-05-21 10:57:31.413 [info] ExtensionService#_doActivateExtension vscode.git-base, startup: true, activationEvent: '*'
2024-05-21 10:57:31.426 [info] ExtensionService#_doActivateExtension vscode.github, startup: true, activationEvent: '*'
2024-05-21 10:57:31.446 [info] Eager extensions activated
2024-05-21 10:57:31.480 [info] ExtensionService#_doActivateExtension vscode.debug-auto-launch, startup: false, activationEvent: 'onStartupFinished'
2024-05-21 10:57:31.483 [info] ExtensionService#_doActivateExtension vscode.merge-conflict, startup: false, activationEvent: 'onStartupFinished'
2024-05-21 10:57:33.156 [info] ExtensionService#_doActivateExtension vscode.git, startup: false, activationEvent: 'api', root cause: vscode.github
2024-05-21 10:57:34.348 [info] ExtensionService#_doActivateExtension vscode.json-language-features, startup: false, activationEvent: 'onLanguage:jsonc'
2024-05-21 10:57:34.439 [info] ExtensionService#_doActivateExtension vscode.typescript-language-features, startup: false, activationEvent: 'onLanguage:jsonc'
2024-05-21 10:57:34.507 [info] ExtensionService#_doActivateExtension vscode.emmet, startup: false, activationEvent: 'onLanguage'
2024-05-21 11:00:23.537 [info] Extension host terminating: renderer closed the MessagePort
2024-05-21 11:00:23.586 [info] Extension host with pid 33834 exiting with code 0
