2024-05-21 10:40:28.364 [info] Extension host with pid 30405 started
2024-05-21 10:40:28.364 [info] Skipping acquiring lock for /home/rocky/.config/Code - OSS/User/workspaceStorage/40ee1419e11a611069eadb6eeb7d96e4.
2024-05-21 10:40:28.568 [info] ExtensionService#_doActivateExtension vscode.emmet, startup: false, activationEvent: 'onLanguage'
2024-05-21 10:40:28.966 [info] ExtensionService#_doActivateExtension vscode.git-base, startup: true, activationEvent: '*', root cause: vscode.git
2024-05-21 10:40:29.003 [info] ExtensionService#_doActivateExtension vscode.git, startup: true, activationEvent: '*'
2024-05-21 10:40:29.055 [info] ExtensionService#_doActivateExtension vscode.github, startup: true, activationEvent: '*'
2024-05-21 10:40:29.142 [info] Eager extensions activated
2024-05-21 10:40:29.223 [info] ExtensionService#_doActivateExtension vscode.debug-auto-launch, startup: false, activationEvent: 'onStartupFinished'
2024-05-21 10:40:29.229 [info] ExtensionService#_doActivateExtension vscode.merge-conflict, startup: false, activationEvent: 'onStartupFinished'
2024-05-21 10:40:51.024 [info] Extension host terminating: renderer closed the MessagePort
2024-05-21 10:40:51.036 [info] Extension host with pid 30405 exiting with code 0
2024-05-21 10:40:53.188 [info] Extension host with pid 30512 started
2024-05-21 10:40:53.189 [info] Skipping acquiring lock for /home/rocky/.config/Code - OSS/User/workspaceStorage/06623db7c9b53198d84702df3fe94a44.
2024-05-21 10:40:53.369 [info] ExtensionService#_doActivateExtension vscode.git-base, startup: true, activationEvent: '*', root cause: vscode.git
2024-05-21 10:40:53.385 [info] ExtensionService#_doActivateExtension vscode.git, startup: true, activationEvent: '*'
2024-05-21 10:40:53.433 [info] ExtensionService#_doActivateExtension vscode.github, startup: true, activationEvent: '*'
2024-05-21 10:40:53.574 [info] Eager extensions activated
2024-05-21 10:40:53.622 [info] ExtensionService#_doActivateExtension vscode.debug-auto-launch, startup: false, activationEvent: 'onStartupFinished'
2024-05-21 10:40:53.628 [info] ExtensionService#_doActivateExtension vscode.merge-conflict, startup: false, activationEvent: 'onStartupFinished'
2024-05-21 10:41:07.324 [info] ExtensionService#_doActivateExtension vscode.emmet, startup: false, activationEvent: 'onLanguage'
2024-05-21 10:44:20.320 [info] Extension host terminating: renderer closed the MessagePort
2024-05-21 10:44:20.326 [info] Extension host with pid 30512 exiting with code 0
