2024-05-24 16:45:00.322 [info] Log level: Info
2024-05-24 16:45:00.322 [info] Validating found git in: "git"
2024-05-24 16:45:00.322 [info] Using git "2.45.1" from "git"
2024-05-24 16:45:00.322 [info] > git rev-parse --show-toplevel [17ms]
2024-05-24 16:45:00.322 [info] fatal: not a git repository (or any parent up to mount point /)
Stopping at filesystem boundary (GIT_DISCOVERY_ACROSS_FILESYSTEM not set).
2024-05-24 16:45:00.322 [info] > git rev-parse --show-toplevel [4ms]
2024-05-24 16:45:00.322 [info] fatal: not a git repository (or any parent up to mount point /)
Stopping at filesystem boundary (GIT_DISCOVERY_ACROSS_FILESYSTEM not set).
2024-05-24 16:45:00.323 [info] > git rev-parse --show-toplevel [2ms]
2024-05-24 16:45:00.323 [info] fatal: not a git repository (or any parent up to mount point /)
Stopping at filesystem boundary (GIT_DISCOVERY_ACROSS_FILESYSTEM not set).
2024-05-24 16:45:00.331 [info] > git rev-parse --show-toplevel [2ms]
2024-05-24 16:45:00.331 [info] fatal: not a git repository (or any parent up to mount point /)
Stopping at filesystem boundary (GIT_DISCOVERY_ACROSS_FILESYSTEM not set).
2024-05-24 16:45:00.342 [info] > git rev-parse --show-toplevel [2ms]
2024-05-24 16:45:00.342 [info] fatal: not a git repository (or any parent up to mount point /)
Stopping at filesystem boundary (GIT_DISCOVERY_ACROSS_FILESYSTEM not set).
2024-05-24 16:45:00.349 [info] > git rev-parse --show-toplevel [2ms]
2024-05-24 16:45:00.349 [info] fatal: not a git repository (or any parent up to mount point /)
Stopping at filesystem boundary (GIT_DISCOVERY_ACROSS_FILESYSTEM not set).
2024-05-24 16:45:00.357 [info] > git rev-parse --show-toplevel [3ms]
2024-05-24 16:45:00.357 [info] fatal: not a git repository (or any parent up to mount point /)
Stopping at filesystem boundary (GIT_DISCOVERY_ACROSS_FILESYSTEM not set).
2024-05-24 16:45:00.366 [info] > git rev-parse --show-toplevel [2ms]
2024-05-24 16:45:00.374 [info] > git rev-parse --git-dir --git-common-dir [2ms]
2024-05-24 16:45:00.398 [info] Open repository: /home/rocky/HyprV2
2024-05-24 16:45:00.422 [info] > git rev-parse --show-toplevel [8ms]
2024-05-24 16:45:00.423 [info] > git config --get commit.template [14ms]
2024-05-24 16:45:00.436 [info] > git rev-parse --git-dir --git-common-dir [7ms]
2024-05-24 16:45:00.445 [info] Open repository: /home/rocky/HyprV4
2024-05-24 16:45:00.461 [info] > git for-each-ref --format=%(refname)%00%(upstream:short)%00%(objectname)%00%(upstream:track)%00%(upstream:remotename)%00%(upstream:remoteref) refs/heads/main refs/remotes/main [27ms]
2024-05-24 16:45:00.468 [warning] ENOENT: no such file or directory, open '/home/rocky/HyprV2/.git/refs/remotes/origin/main'
2024-05-24 16:45:00.470 [info] > git config --get commit.template [15ms]
2024-05-24 16:45:00.473 [info] > git rev-parse refs/remotes/origin/main [5ms]
2024-05-24 16:45:00.488 [info] > git for-each-ref --format=%(refname)%00%(upstream:short)%00%(objectname)%00%(upstream:track)%00%(upstream:remotename)%00%(upstream:remoteref) refs/heads/main refs/remotes/main [4ms]
2024-05-24 16:45:00.489 [info] > git rev-parse --show-toplevel [29ms]
2024-05-24 16:45:00.496 [warning] ENOENT: no such file or directory, open '/home/rocky/HyprV4/.git/refs/remotes/origin/main'
2024-05-24 16:45:00.503 [info] > git rev-parse refs/remotes/origin/main [7ms]
2024-05-24 16:45:00.509 [info] > git rev-parse --git-dir --git-common-dir [7ms]
2024-05-24 16:45:00.519 [info] Open repository: /home/rocky/IsoDotFiles
2024-05-24 16:45:00.541 [info] > git status -z -uall [62ms]
2024-05-24 16:45:00.588 [info] > git status -z -uall [80ms]
2024-05-24 16:45:00.588 [info] > git merge-base refs/heads/main refs/remotes/origin/main [29ms]
2024-05-24 16:45:00.597 [info] > git rev-parse --show-toplevel [57ms]
2024-05-24 16:45:00.598 [info] > git config --get commit.template [65ms]
2024-05-24 16:45:00.632 [info] > git merge-base refs/heads/main refs/remotes/origin/main [23ms]
2024-05-24 16:45:00.640 [info] > git rev-list --count --left-right refs/heads/main...refs/remotes/origin/main [43ms]
2024-05-24 16:45:00.647 [info] > git config --get commit.template [62ms]
2024-05-24 16:45:00.657 [info] > git diff --name-status -z --diff-filter=ADMR 6ca0a82f1e80dea17dd80c3d4b8c5696e6e1c171...refs/remotes/origin/main [11ms]
2024-05-24 16:45:00.658 [info] > git rev-list --count --left-right refs/heads/main...refs/remotes/origin/main [18ms]
2024-05-24 16:45:00.663 [info] > git config --get commit.template [32ms]
2024-05-24 16:45:00.663 [info] > git rev-parse --git-dir --git-common-dir [38ms]
2024-05-24 16:45:00.674 [info] Open repository: /home/rocky/dotfiles
2024-05-24 16:45:00.716 [info] > git diff --name-status -z --diff-filter=ADMR c81cf650443d680bf7a589de6128d01020dd1bc6...refs/remotes/origin/main [53ms]
2024-05-24 16:45:00.717 [info] > git for-each-ref --format=%(refname)%00%(upstream:short)%00%(objectname)%00%(upstream:track)%00%(upstream:remotename)%00%(upstream:remoteref) refs/heads/main refs/remotes/main [63ms]
2024-05-24 16:45:00.735 [warning] ENOENT: no such file or directory, open '/home/rocky/IsoDotFiles/.git/refs/remotes/origin/main'
2024-05-24 16:45:00.736 [info] > git config --get commit.template [26ms]
2024-05-24 16:45:00.736 [info] > git for-each-ref --format=%(refname)%00%(upstream:short)%00%(objectname)%00%(upstream:track)%00%(upstream:remotename)%00%(upstream:remoteref) refs/heads/main refs/remotes/main [31ms]
2024-05-24 16:45:00.743 [warning] ENOENT: no such file or directory, open '/home/rocky/HyprV2/.git/refs/remotes/origin/main'
2024-05-24 16:45:00.745 [info] > git rev-parse refs/remotes/origin/main [10ms]
2024-05-24 16:45:00.750 [info] > git for-each-ref --format=%(refname)%00%(upstream:short)%00%(objectname)%00%(upstream:track)%00%(upstream:remotename)%00%(upstream:remoteref) refs/heads/main refs/remotes/main [19ms]
2024-05-24 16:45:00.750 [info] > git rev-parse --show-toplevel [35ms]
2024-05-24 16:45:00.760 [warning] ENOENT: no such file or directory, open '/home/rocky/HyprV4/.git/refs/remotes/origin/main'
2024-05-24 16:45:00.766 [info] > git rev-parse refs/remotes/origin/main [23ms]
2024-05-24 16:45:00.773 [info] > git rev-parse --git-dir --git-common-dir [8ms]
2024-05-24 16:45:00.784 [info] Open repository: /home/rocky/fiondotfiles
2024-05-24 16:45:00.787 [info] > git rev-parse refs/remotes/origin/main [27ms]
2024-05-24 16:45:00.795 [info] > git for-each-ref --format=%(refname)%00%(upstream:short)%00%(objectname)%00%(upstream:track)%00%(upstream:remotename)%00%(upstream:remoteref) refs/heads/main refs/remotes/main [39ms]
2024-05-24 16:45:00.828 [warning] ENOENT: no such file or directory, open '/home/rocky/dotfiles/.git/refs/remotes/origin/main'
2024-05-24 16:45:00.833 [info] > git status -z -uall [84ms]
2024-05-24 16:45:00.833 [info] > git status -z -uall [62ms]
2024-05-24 16:45:00.857 [info] > git status -z -uall [63ms]
2024-05-24 16:45:00.857 [info] > git merge-base refs/heads/main refs/remotes/origin/main [16ms]
2024-05-24 16:45:00.862 [info] > git rev-parse refs/remotes/origin/main [34ms]
2024-05-24 16:45:00.868 [info] > git rev-parse --show-toplevel [47ms]
2024-05-24 16:45:00.869 [info] > git config --get commit.template [56ms]
2024-05-24 16:45:00.884 [info] > git rev-list --count --left-right refs/heads/main...refs/remotes/origin/main [22ms]
2024-05-24 16:45:00.891 [info] > git config --get commit.template [35ms]
2024-05-24 16:45:00.906 [info] > git status -z -uall [38ms]
2024-05-24 16:45:00.906 [info] > git diff --name-status -z --diff-filter=ADMR 67f54d0a6b72f6d97000cb3b13d44c278f4793a0...refs/remotes/origin/main [15ms]
2024-05-24 16:45:00.907 [info] > git rev-parse --git-dir --git-common-dir [24ms]
2024-05-24 16:45:00.915 [info] Open repository: /home/rocky/wallpaper
2024-05-24 16:45:01.025 [info] > git merge-base refs/heads/main refs/remotes/origin/main [91ms]
2024-05-24 16:45:01.041 [info] > git for-each-ref --format=%(refname)%00%(upstream:short)%00%(objectname)%00%(upstream:track)%00%(upstream:remotename)%00%(upstream:remoteref) refs/heads/main refs/remotes/main [138ms]
2024-05-24 16:45:01.179 [warning] ENOENT: no such file or directory, open '/home/rocky/fiondotfiles/.git/refs/remotes/origin/main'
2024-05-24 16:45:01.181 [info] > git rev-list --count --left-right refs/heads/main...refs/remotes/origin/main [140ms]
2024-05-24 16:45:01.186 [info] > git config --get commit.template [162ms]
2024-05-24 16:45:01.187 [info] > git config --get commit.template [173ms]
2024-05-24 16:45:01.187 [info] > git for-each-ref --format=%(refname)%00%(upstream:short)%00%(objectname)%00%(upstream:track)%00%(upstream:remotename)%00%(upstream:remoteref) refs/heads/main refs/remotes/main [189ms]
2024-05-24 16:45:01.197 [warning] ENOENT: no such file or directory, open '/home/rocky/IsoDotFiles/.git/refs/remotes/origin/main'
2024-05-24 16:45:01.198 [info] > git diff --name-status -z --diff-filter=ADMR e36496c82821783831ea506340b27a72b46ce296...refs/remotes/origin/main [12ms]
2024-05-24 16:45:01.199 [info] > git rev-parse refs/remotes/origin/main [19ms]
2024-05-24 16:45:01.217 [info] > git rev-parse refs/remotes/origin/main [20ms]
2024-05-24 16:45:01.224 [info] > git for-each-ref --format=%(refname)%00%(upstream:short)%00%(objectname)%00%(upstream:track)%00%(upstream:remotename)%00%(upstream:remoteref) refs/heads/main refs/remotes/main [7ms]
2024-05-24 16:45:01.230 [warning] ENOENT: no such file or directory, open '/home/rocky/dotfiles/.git/refs/remotes/origin/main'
2024-05-24 16:45:01.230 [info] > git status -z -uall [8ms]
2024-05-24 16:45:01.234 [info] > git rev-parse refs/remotes/origin/main [4ms]
2024-05-24 16:45:01.260 [info] > git status -z -uall [21ms]
2024-05-24 16:45:01.311 [info] > git for-each-ref --format=%(refname)%00%(upstream:short)%00%(objectname)%00%(upstream:track)%00%(upstream:remotename)%00%(upstream:remoteref) refs/heads/main refs/remotes/main [100ms]
2024-05-24 16:45:01.320 [warning] ENOENT: no such file or directory, open '/home/rocky/wallpaper/.git/refs/remotes/origin/main'
2024-05-24 16:45:01.323 [info] > git rev-parse refs/remotes/origin/main [3ms]
2024-05-24 16:45:01.631 [info] > git check-ignore -v -z --stdin [69ms]
2024-05-24 16:45:01.636 [info] > git check-ignore -v -z --stdin [60ms]
2024-05-24 16:45:01.638 [info] > git check-ignore -v -z --stdin [50ms]
2024-05-24 16:45:01.639 [info] > git check-ignore -v -z --stdin [39ms]
2024-05-24 16:45:01.641 [info] > git check-ignore -v -z --stdin [28ms]
2024-05-24 16:45:01.651 [info] > git check-ignore -v -z --stdin [25ms]
2024-05-24 16:45:01.734 [warning] Failed to get repository realpath for: "/home/rocky/IsoDotFiles/alacritty/theme". Error: ENOENT: no such file or directory, realpath '/home/rocky/IsoDotFiles/alacritty/theme'
2024-05-24 16:45:01.947 [info] > git status -z -uall [744ms]
2024-05-24 16:45:02.009 [info] > git merge-base refs/heads/main refs/remotes/origin/main [37ms]
2024-05-24 16:45:02.023 [info] > git config --get commit.template [16ms]
2024-05-24 16:45:02.026 [info] > git rev-list --count --left-right refs/heads/main...refs/remotes/origin/main [6ms]
2024-05-24 16:45:02.047 [info] > git diff --name-status -z --diff-filter=ADMR e36496c82821783831ea506340b27a72b46ce296...refs/remotes/origin/main [10ms]
2024-05-24 16:45:02.049 [info] > git for-each-ref --format=%(refname)%00%(upstream:short)%00%(objectname)%00%(upstream:track)%00%(upstream:remotename)%00%(upstream:remoteref) refs/heads/main refs/remotes/main [5ms]
2024-05-24 16:45:02.055 [warning] ENOENT: no such file or directory, open '/home/rocky/fiondotfiles/.git/refs/remotes/origin/main'
2024-05-24 16:45:02.058 [info] > git rev-parse refs/remotes/origin/main [3ms]
2024-05-24 16:45:02.085 [info] > git status -z -uall [20ms]
2024-05-24 16:45:03.040 [info] > git check-ignore -v -z --stdin [3ms]
2024-05-24 16:45:04.432 [info] > git status -z -uall [3103ms]
2024-05-24 16:45:04.451 [info] > git merge-base refs/heads/main refs/remotes/origin/main [12ms]
2024-05-24 16:45:04.458 [info] > git config --get commit.template [8ms]
2024-05-24 16:45:04.460 [info] > git rev-list --count --left-right refs/heads/main...refs/remotes/origin/main [4ms]
2024-05-24 16:45:04.471 [info] > git diff --name-status -z --diff-filter=ADMR fb8a3816c78d80ebe26fdb5e43677ad59a9346f1...refs/remotes/origin/main [6ms]
2024-05-24 16:45:04.473 [info] > git for-each-ref --format=%(refname)%00%(upstream:short)%00%(objectname)%00%(upstream:track)%00%(upstream:remotename)%00%(upstream:remoteref) refs/heads/main refs/remotes/main [3ms]
2024-05-24 16:45:04.478 [warning] ENOENT: no such file or directory, open '/home/rocky/wallpaper/.git/refs/remotes/origin/main'
2024-05-24 16:45:04.479 [info] > git rev-parse refs/remotes/origin/main [2ms]
2024-05-24 16:45:05.172 [info] > git status -z -uall [688ms]
2024-05-24 16:45:07.727 [info] > git config --get commit.template [15ms]
2024-05-24 16:45:07.730 [info] > git for-each-ref --format=%(refname)%00%(upstream:short)%00%(objectname)%00%(upstream:track)%00%(upstream:remotename)%00%(upstream:remoteref) refs/heads/main refs/remotes/main [4ms]
2024-05-24 16:45:07.736 [warning] ENOENT: no such file or directory, open '/home/rocky/dotfiles/.git/refs/remotes/origin/main'
2024-05-24 16:45:07.738 [info] > git rev-parse refs/remotes/origin/main [2ms]
2024-05-24 16:45:07.763 [info] > git status -z -uall [19ms]
2024-05-24 16:45:09.383 [info] > git check-ignore -v -z --stdin [2ms]
2024-05-24 16:45:12.165 [info] > git show --textconv :hyprland/set-hypr [20ms]
2024-05-24 16:45:12.175 [info] > git ls-files --stage -- /home/rocky/dotfiles/hyprland/set-hypr [14ms]
2024-05-24 16:45:12.807 [info] > git config --get commit.template [14ms]
2024-05-24 16:45:12.812 [info] > git for-each-ref --format=%(refname)%00%(upstream:short)%00%(objectname)%00%(upstream:track)%00%(upstream:remotename)%00%(upstream:remoteref) refs/heads/main refs/remotes/main [6ms]
2024-05-24 16:45:12.824 [warning] ENOENT: no such file or directory, open '/home/rocky/dotfiles/.git/refs/remotes/origin/main'
2024-05-24 16:45:12.829 [info] > git rev-parse refs/remotes/origin/main [5ms]
2024-05-24 16:45:12.880 [info] > git status -z -uall [40ms]
2024-05-24 16:45:17.906 [info] > git config --get commit.template [7ms]
2024-05-24 16:45:17.908 [info] > git for-each-ref --format=%(refname)%00%(upstream:short)%00%(objectname)%00%(upstream:track)%00%(upstream:remotename)%00%(upstream:remoteref) refs/heads/main refs/remotes/main [3ms]
2024-05-24 16:45:17.914 [warning] ENOENT: no such file or directory, open '/home/rocky/dotfiles/.git/refs/remotes/origin/main'
2024-05-24 16:45:17.916 [info] > git rev-parse refs/remotes/origin/main [2ms]
2024-05-24 16:45:17.943 [info] > git status -z -uall [21ms]
2024-05-24 16:45:22.989 [info] > git config --get commit.template [8ms]
2024-05-24 16:45:23.001 [info] > git for-each-ref --format=%(refname)%00%(upstream:short)%00%(objectname)%00%(upstream:track)%00%(upstream:remotename)%00%(upstream:remoteref) refs/heads/main refs/remotes/main [4ms]
2024-05-24 16:45:23.009 [warning] ENOENT: no such file or directory, open '/home/rocky/dotfiles/.git/refs/remotes/origin/main'
2024-05-24 16:45:23.011 [info] > git rev-parse refs/remotes/origin/main [2ms]
2024-05-24 16:45:23.039 [info] > git status -z -uall [22ms]
2024-05-24 16:45:28.083 [info] > git config --get commit.template [14ms]
2024-05-24 16:45:28.087 [info] > git for-each-ref --format=%(refname)%00%(upstream:short)%00%(objectname)%00%(upstream:track)%00%(upstream:remotename)%00%(upstream:remoteref) refs/heads/main refs/remotes/main [6ms]
2024-05-24 16:45:28.098 [warning] ENOENT: no such file or directory, open '/home/rocky/dotfiles/.git/refs/remotes/origin/main'
2024-05-24 16:45:28.103 [info] > git rev-parse refs/remotes/origin/main [5ms]
2024-05-24 16:45:28.141 [info] > git status -z -uall [27ms]
2024-05-24 16:45:33.179 [info] > git config --get commit.template [8ms]
2024-05-24 16:45:33.204 [info] > git for-each-ref --format=%(refname)%00%(upstream:short)%00%(objectname)%00%(upstream:track)%00%(upstream:remotename)%00%(upstream:remoteref) refs/heads/main refs/remotes/main [5ms]
2024-05-24 16:45:33.212 [warning] ENOENT: no such file or directory, open '/home/rocky/dotfiles/.git/refs/remotes/origin/main'
2024-05-24 16:45:33.215 [info] > git rev-parse refs/remotes/origin/main [3ms]
2024-05-24 16:45:33.244 [info] > git status -z -uall [22ms]
2024-05-24 16:45:38.294 [info] > git config --get commit.template [18ms]
2024-05-24 16:45:38.299 [info] > git for-each-ref --format=%(refname)%00%(upstream:short)%00%(objectname)%00%(upstream:track)%00%(upstream:remotename)%00%(upstream:remoteref) refs/heads/main refs/remotes/main [7ms]
2024-05-24 16:45:38.309 [warning] ENOENT: no such file or directory, open '/home/rocky/dotfiles/.git/refs/remotes/origin/main'
2024-05-24 16:45:38.313 [info] > git rev-parse refs/remotes/origin/main [4ms]
2024-05-24 16:45:38.346 [info] > git status -z -uall [25ms]
2024-05-24 16:45:43.387 [info] > git config --get commit.template [15ms]
2024-05-24 16:45:43.392 [info] > git for-each-ref --format=%(refname)%00%(upstream:short)%00%(objectname)%00%(upstream:track)%00%(upstream:remotename)%00%(upstream:remoteref) refs/heads/main refs/remotes/main [6ms]
2024-05-24 16:45:43.403 [warning] ENOENT: no such file or directory, open '/home/rocky/dotfiles/.git/refs/remotes/origin/main'
2024-05-24 16:45:43.409 [info] > git rev-parse refs/remotes/origin/main [6ms]
2024-05-24 16:45:43.451 [info] > git status -z -uall [30ms]
2024-05-24 16:45:50.908 [info] > git for-each-ref --format=%(refname)%00%(upstream:short)%00%(objectname)%00%(upstream:track)%00%(upstream:remotename)%00%(upstream:remoteref) refs/heads/main refs/remotes/main [4ms]
2024-05-24 16:45:50.909 [info] > git config --get commit.template [14ms]
2024-05-24 16:45:50.922 [warning] ENOENT: no such file or directory, open '/home/rocky/dotfiles/.git/refs/remotes/origin/main'
2024-05-24 16:45:50.925 [info] > git rev-parse refs/remotes/origin/main [3ms]
2024-05-24 16:45:50.974 [info] > git status -z -uall [37ms]
2024-05-24 16:45:56.035 [info] > git config --get commit.template [17ms]
2024-05-24 16:45:56.040 [info] > git for-each-ref --format=%(refname)%00%(upstream:short)%00%(objectname)%00%(upstream:track)%00%(upstream:remotename)%00%(upstream:remoteref) refs/heads/main refs/remotes/main [6ms]
2024-05-24 16:45:56.052 [warning] ENOENT: no such file or directory, open '/home/rocky/dotfiles/.git/refs/remotes/origin/main'
2024-05-24 16:45:56.057 [info] > git rev-parse refs/remotes/origin/main [5ms]
2024-05-24 16:45:56.095 [info] > git status -z -uall [27ms]
2024-05-24 16:46:05.616 [info] > git config --get commit.template [18ms]
2024-05-24 16:46:05.618 [info] > git for-each-ref --format=%(refname)%00%(upstream:short)%00%(objectname)%00%(upstream:track)%00%(upstream:remotename)%00%(upstream:remoteref) refs/heads/main refs/remotes/main [3ms]
2024-05-24 16:46:05.635 [warning] ENOENT: no such file or directory, open '/home/rocky/dotfiles/.git/refs/remotes/origin/main'
2024-05-24 16:46:05.639 [info] > git rev-parse refs/remotes/origin/main [4ms]
2024-05-24 16:46:05.688 [info] > git status -z -uall [35ms]
2024-05-24 16:46:10.742 [info] > git config --get commit.template [15ms]
2024-05-24 16:46:10.746 [info] > git for-each-ref --format=%(refname)%00%(upstream:short)%00%(objectname)%00%(upstream:track)%00%(upstream:remotename)%00%(upstream:remoteref) refs/heads/main refs/remotes/main [6ms]
2024-05-24 16:46:10.758 [warning] ENOENT: no such file or directory, open '/home/rocky/dotfiles/.git/refs/remotes/origin/main'
2024-05-24 16:46:10.762 [info] > git rev-parse refs/remotes/origin/main [5ms]
2024-05-24 16:46:10.799 [info] > git status -z -uall [26ms]
2024-05-24 16:46:15.825 [info] > git config --get commit.template [8ms]
2024-05-24 16:46:15.827 [info] > git for-each-ref --format=%(refname)%00%(upstream:short)%00%(objectname)%00%(upstream:track)%00%(upstream:remotename)%00%(upstream:remoteref) refs/heads/main refs/remotes/main [4ms]
2024-05-24 16:46:15.832 [warning] ENOENT: no such file or directory, open '/home/rocky/dotfiles/.git/refs/remotes/origin/main'
2024-05-24 16:46:15.835 [info] > git rev-parse refs/remotes/origin/main [3ms]
2024-05-24 16:46:15.860 [info] > git status -z -uall [19ms]
2024-05-24 16:46:20.890 [info] > git config --get commit.template [6ms]
2024-05-24 16:46:20.892 [info] > git for-each-ref --format=%(refname)%00%(upstream:short)%00%(objectname)%00%(upstream:track)%00%(upstream:remotename)%00%(upstream:remoteref) refs/heads/main refs/remotes/main [3ms]
2024-05-24 16:46:20.897 [warning] ENOENT: no such file or directory, open '/home/rocky/dotfiles/.git/refs/remotes/origin/main'
2024-05-24 16:46:20.899 [info] > git rev-parse refs/remotes/origin/main [2ms]
2024-05-24 16:46:20.924 [info] > git status -z -uall [20ms]
2024-05-24 16:47:38.359 [info] > git config --get commit.template [3ms]
2024-05-24 16:47:38.377 [info] > git for-each-ref --format=%(refname)%00%(upstream:short)%00%(objectname)%00%(upstream:track)%00%(upstream:remotename)%00%(upstream:remoteref) refs/heads/main refs/remotes/main [8ms]
2024-05-24 16:47:38.392 [warning] ENOENT: no such file or directory, open '/home/rocky/dotfiles/.git/refs/remotes/origin/main'
2024-05-24 16:47:38.395 [info] > git rev-parse refs/remotes/origin/main [3ms]
2024-05-24 16:47:38.443 [info] > git status -z -uall [33ms]
2024-05-24 16:48:03.346 [info] > git check-ignore -v -z --stdin [3ms]
2024-05-24 16:48:03.437 [info] > git config --get commit.template [6ms]
2024-05-24 16:48:03.459 [info] > git for-each-ref --format=%(refname)%00%(upstream:short)%00%(objectname)%00%(upstream:track)%00%(upstream:remotename)%00%(upstream:remoteref) refs/heads/main refs/remotes/main [5ms]
2024-05-24 16:48:03.471 [warning] ENOENT: no such file or directory, open '/home/rocky/dotfiles/.git/refs/remotes/origin/main'
2024-05-24 16:48:03.473 [info] > git rev-parse refs/remotes/origin/main [2ms]
2024-05-24 16:48:03.508 [info] > git status -z -uall [24ms]
2024-05-24 16:48:08.560 [info] > git config --get commit.template [15ms]
2024-05-24 16:48:08.565 [info] > git for-each-ref --format=%(refname)%00%(upstream:short)%00%(objectname)%00%(upstream:track)%00%(upstream:remotename)%00%(upstream:remoteref) refs/heads/main refs/remotes/main [6ms]
2024-05-24 16:48:08.578 [warning] ENOENT: no such file or directory, open '/home/rocky/dotfiles/.git/refs/remotes/origin/main'
2024-05-24 16:48:08.581 [info] > git rev-parse refs/remotes/origin/main [4ms]
2024-05-24 16:48:08.602 [info] > git status -z -uall [14ms]
2024-05-24 16:48:13.633 [info] > git config --get commit.template [6ms]
2024-05-24 16:48:13.634 [info] > git for-each-ref --format=%(refname)%00%(upstream:short)%00%(objectname)%00%(upstream:track)%00%(upstream:remotename)%00%(upstream:remoteref) refs/heads/main refs/remotes/main [2ms]
2024-05-24 16:48:13.639 [warning] ENOENT: no such file or directory, open '/home/rocky/dotfiles/.git/refs/remotes/origin/main'
2024-05-24 16:48:13.641 [info] > git rev-parse refs/remotes/origin/main [2ms]
2024-05-24 16:48:13.657 [info] > git status -z -uall [11ms]
2024-05-24 16:48:20.071 [info] > git config --get commit.template [18ms]
2024-05-24 16:48:20.076 [info] > git for-each-ref --format=%(refname)%00%(upstream:short)%00%(objectname)%00%(upstream:track)%00%(upstream:remotename)%00%(upstream:remoteref) refs/heads/main refs/remotes/main [7ms]
2024-05-24 16:48:20.084 [warning] ENOENT: no such file or directory, open '/home/rocky/dotfiles/.git/refs/remotes/origin/main'
2024-05-24 16:48:20.087 [info] > git rev-parse refs/remotes/origin/main [3ms]
2024-05-24 16:48:20.118 [info] > git status -z -uall [20ms]
2024-05-24 16:48:25.162 [info] > git config --get commit.template [7ms]
2024-05-24 16:48:25.164 [info] > git for-each-ref --format=%(refname)%00%(upstream:short)%00%(objectname)%00%(upstream:track)%00%(upstream:remotename)%00%(upstream:remoteref) refs/heads/main refs/remotes/main [3ms]
2024-05-24 16:48:25.399 [warning] ENOENT: no such file or directory, open '/home/rocky/dotfiles/.git/refs/remotes/origin/main'
2024-05-24 16:48:25.401 [info] > git rev-parse refs/remotes/origin/main [2ms]
2024-05-24 16:48:25.419 [info] > git status -z -uall [14ms]
2024-05-24 16:48:30.450 [info] > git config --get commit.template [7ms]
2024-05-24 16:48:30.453 [info] > git for-each-ref --format=%(refname)%00%(upstream:short)%00%(objectname)%00%(upstream:track)%00%(upstream:remotename)%00%(upstream:remoteref) refs/heads/main refs/remotes/main [4ms]
2024-05-24 16:48:30.458 [warning] ENOENT: no such file or directory, open '/home/rocky/dotfiles/.git/refs/remotes/origin/main'
2024-05-24 16:48:30.461 [info] > git rev-parse refs/remotes/origin/main [3ms]
2024-05-24 16:48:30.482 [info] > git status -z -uall [16ms]
2024-05-24 16:48:35.517 [info] > git config --get commit.template [8ms]
2024-05-24 16:48:35.519 [info] > git for-each-ref --format=%(refname)%00%(upstream:short)%00%(objectname)%00%(upstream:track)%00%(upstream:remotename)%00%(upstream:remoteref) refs/heads/main refs/remotes/main [3ms]
2024-05-24 16:48:35.523 [warning] ENOENT: no such file or directory, open '/home/rocky/dotfiles/.git/refs/remotes/origin/main'
2024-05-24 16:48:35.525 [info] > git rev-parse refs/remotes/origin/main [2ms]
2024-05-24 16:48:35.541 [info] > git status -z -uall [11ms]
2024-05-24 16:48:40.572 [info] > git config --get commit.template [6ms]
2024-05-24 16:48:40.574 [info] > git for-each-ref --format=%(refname)%00%(upstream:short)%00%(objectname)%00%(upstream:track)%00%(upstream:remotename)%00%(upstream:remoteref) refs/heads/main refs/remotes/main [2ms]
2024-05-24 16:48:40.579 [warning] ENOENT: no such file or directory, open '/home/rocky/dotfiles/.git/refs/remotes/origin/main'
2024-05-24 16:48:40.581 [info] > git rev-parse refs/remotes/origin/main [2ms]
2024-05-24 16:48:40.597 [info] > git status -z -uall [12ms]
2024-05-24 16:50:06.977 [info] > git config --get commit.template [14ms]
2024-05-24 16:50:06.980 [info] > git for-each-ref --format=%(refname)%00%(upstream:short)%00%(objectname)%00%(upstream:track)%00%(upstream:remotename)%00%(upstream:remoteref) refs/heads/main refs/remotes/main [5ms]
2024-05-24 16:50:06.993 [warning] ENOENT: no such file or directory, open '/home/rocky/dotfiles/.git/refs/remotes/origin/main'
2024-05-24 16:50:06.995 [info] > git rev-parse refs/remotes/origin/main [2ms]
2024-05-24 16:50:07.027 [info] > git status -z -uall [22ms]
2024-05-24 16:50:56.126 [info] > git config --get commit.template [21ms]
2024-05-24 16:50:56.130 [info] > git for-each-ref --format=%(refname)%00%(upstream:short)%00%(objectname)%00%(upstream:track)%00%(upstream:remotename)%00%(upstream:remoteref) refs/heads/main refs/remotes/main [8ms]
2024-05-24 16:50:56.139 [warning] ENOENT: no such file or directory, open '/home/rocky/dotfiles/.git/refs/remotes/origin/main'
2024-05-24 16:50:56.142 [info] > git rev-parse refs/remotes/origin/main [2ms]
2024-05-24 16:50:56.175 [info] > git status -z -uall [24ms]
2024-05-24 16:51:48.506 [info] > git config --get commit.template [11ms]
2024-05-24 16:51:48.508 [info] > git for-each-ref --format=%(refname)%00%(upstream:short)%00%(objectname)%00%(upstream:track)%00%(upstream:remotename)%00%(upstream:remoteref) refs/heads/main refs/remotes/main [4ms]
2024-05-24 16:51:48.517 [warning] ENOENT: no such file or directory, open '/home/rocky/dotfiles/.git/refs/remotes/origin/main'
2024-05-24 16:51:48.520 [info] > git rev-parse refs/remotes/origin/main [2ms]
2024-05-24 16:51:48.543 [info] > git status -z -uall [16ms]
2024-05-24 16:54:01.512 [info] > git for-each-ref --format=%(refname)%00%(upstream:short)%00%(objectname)%00%(upstream:track)%00%(upstream:remotename)%00%(upstream:remoteref) refs/heads/main refs/remotes/main [5ms]
2024-05-24 16:54:01.512 [info] > git config --get commit.template [21ms]
2024-05-24 16:54:01.525 [warning] ENOENT: no such file or directory, open '/home/rocky/dotfiles/.git/refs/remotes/origin/main'
2024-05-24 16:54:01.528 [info] > git rev-parse refs/remotes/origin/main [3ms]
2024-05-24 16:54:01.568 [info] > git status -z -uall [23ms]
2024-05-24 16:54:06.641 [info] > git config --get commit.template [18ms]
2024-05-24 16:54:06.646 [info] > git for-each-ref --format=%(refname)%00%(upstream:short)%00%(objectname)%00%(upstream:track)%00%(upstream:remotename)%00%(upstream:remoteref) refs/heads/main refs/remotes/main [7ms]
2024-05-24 16:54:06.659 [warning] ENOENT: no such file or directory, open '/home/rocky/dotfiles/.git/refs/remotes/origin/main'
2024-05-24 16:54:06.664 [info] > git rev-parse refs/remotes/origin/main [5ms]
2024-05-24 16:54:06.701 [info] > git status -z -uall [23ms]
2024-05-24 16:56:01.353 [info] > git config --get commit.template [16ms]
2024-05-24 16:56:01.359 [info] > git for-each-ref --format=%(refname)%00%(upstream:short)%00%(objectname)%00%(upstream:track)%00%(upstream:remotename)%00%(upstream:remoteref) refs/heads/main refs/remotes/main [7ms]
2024-05-24 16:56:01.368 [warning] ENOENT: no such file or directory, open '/home/rocky/dotfiles/.git/refs/remotes/origin/main'
2024-05-24 16:56:01.375 [info] > git rev-parse refs/remotes/origin/main [5ms]
2024-05-24 16:56:01.408 [info] > git status -z -uall [20ms]
2024-05-24 16:58:06.708 [info] > git config --get commit.template [5ms]
2024-05-24 16:58:06.723 [info] > git for-each-ref --format=%(refname)%00%(upstream:short)%00%(objectname)%00%(upstream:track)%00%(upstream:remotename)%00%(upstream:remoteref) refs/heads/main refs/remotes/main [4ms]
2024-05-24 16:58:06.734 [warning] ENOENT: no such file or directory, open '/home/rocky/dotfiles/.git/refs/remotes/origin/main'
2024-05-24 16:58:06.737 [info] > git rev-parse refs/remotes/origin/main [3ms]
2024-05-24 16:58:06.768 [info] > git status -z -uall [20ms]
2024-05-24 16:59:00.725 [info] > git config --get commit.template [4ms]
2024-05-24 16:59:00.738 [info] > git for-each-ref --format=%(refname)%00%(upstream:short)%00%(objectname)%00%(upstream:track)%00%(upstream:remotename)%00%(upstream:remoteref) refs/heads/main refs/remotes/main [3ms]
2024-05-24 16:59:00.748 [warning] ENOENT: no such file or directory, open '/home/rocky/dotfiles/.git/refs/remotes/origin/main'
2024-05-24 16:59:00.749 [info] > git rev-parse refs/remotes/origin/main [1ms]
2024-05-24 16:59:00.782 [info] > git status -z -uall [21ms]
2024-05-24 16:59:05.839 [info] > git config --get commit.template [16ms]
2024-05-24 16:59:05.842 [info] > git for-each-ref --format=%(refname)%00%(upstream:short)%00%(objectname)%00%(upstream:track)%00%(upstream:remotename)%00%(upstream:remoteref) refs/heads/main refs/remotes/main [7ms]
2024-05-24 16:59:05.854 [warning] ENOENT: no such file or directory, open '/home/rocky/dotfiles/.git/refs/remotes/origin/main'
2024-05-24 16:59:05.858 [info] > git rev-parse refs/remotes/origin/main [4ms]
2024-05-24 16:59:05.888 [info] > git status -z -uall [18ms]
2024-05-24 16:59:10.920 [info] > git config --get commit.template [6ms]
2024-05-24 16:59:10.922 [info] > git for-each-ref --format=%(refname)%00%(upstream:short)%00%(objectname)%00%(upstream:track)%00%(upstream:remotename)%00%(upstream:remoteref) refs/heads/main refs/remotes/main [3ms]
2024-05-24 16:59:10.927 [warning] ENOENT: no such file or directory, open '/home/rocky/dotfiles/.git/refs/remotes/origin/main'
2024-05-24 16:59:10.928 [info] > git rev-parse refs/remotes/origin/main [2ms]
2024-05-24 16:59:10.944 [info] > git status -z -uall [11ms]
2024-05-24 16:59:15.978 [info] > git config --get commit.template [7ms]
2024-05-24 16:59:15.979 [info] > git for-each-ref --format=%(refname)%00%(upstream:short)%00%(objectname)%00%(upstream:track)%00%(upstream:remotename)%00%(upstream:remoteref) refs/heads/main refs/remotes/main [3ms]
2024-05-24 16:59:15.985 [warning] ENOENT: no such file or directory, open '/home/rocky/dotfiles/.git/refs/remotes/origin/main'
2024-05-24 16:59:15.988 [info] > git rev-parse refs/remotes/origin/main [2ms]
2024-05-24 16:59:16.010 [info] > git status -z -uall [17ms]
2024-05-24 17:00:08.969 [info] > git config --get commit.template [12ms]
2024-05-24 17:00:08.971 [info] > git for-each-ref --format=%(refname)%00%(upstream:short)%00%(objectname)%00%(upstream:track)%00%(upstream:remotename)%00%(upstream:remoteref) refs/heads/main refs/remotes/main [4ms]
2024-05-24 17:00:08.979 [warning] ENOENT: no such file or directory, open '/home/rocky/dotfiles/.git/refs/remotes/origin/main'
2024-05-24 17:00:08.982 [info] > git rev-parse refs/remotes/origin/main [3ms]
2024-05-24 17:00:09.006 [info] > git status -z -uall [18ms]
2024-05-24 17:00:14.045 [info] > git config --get commit.template [6ms]
2024-05-24 17:00:14.047 [info] > git for-each-ref --format=%(refname)%00%(upstream:short)%00%(objectname)%00%(upstream:track)%00%(upstream:remotename)%00%(upstream:remoteref) refs/heads/main refs/remotes/main [3ms]
2024-05-24 17:00:14.051 [warning] ENOENT: no such file or directory, open '/home/rocky/dotfiles/.git/refs/remotes/origin/main'
2024-05-24 17:00:14.053 [info] > git rev-parse refs/remotes/origin/main [2ms]
2024-05-24 17:00:14.069 [info] > git status -z -uall [11ms]
2024-05-24 17:00:19.105 [info] > git config --get commit.template [7ms]
2024-05-24 17:00:19.107 [info] > git for-each-ref --format=%(refname)%00%(upstream:short)%00%(objectname)%00%(upstream:track)%00%(upstream:remotename)%00%(upstream:remoteref) refs/heads/main refs/remotes/main [3ms]
2024-05-24 17:00:19.111 [warning] ENOENT: no such file or directory, open '/home/rocky/dotfiles/.git/refs/remotes/origin/main'
2024-05-24 17:00:19.113 [info] > git rev-parse refs/remotes/origin/main [2ms]
2024-05-24 17:00:19.131 [info] > git status -z -uall [13ms]
2024-05-24 17:00:24.169 [info] > git config --get commit.template [6ms]
2024-05-24 17:00:24.170 [info] > git for-each-ref --format=%(refname)%00%(upstream:short)%00%(objectname)%00%(upstream:track)%00%(upstream:remotename)%00%(upstream:remoteref) refs/heads/main refs/remotes/main [3ms]
2024-05-24 17:00:24.175 [warning] ENOENT: no such file or directory, open '/home/rocky/dotfiles/.git/refs/remotes/origin/main'
2024-05-24 17:00:24.176 [info] > git rev-parse refs/remotes/origin/main [1ms]
2024-05-24 17:00:24.193 [info] > git status -z -uall [12ms]
2024-05-24 17:00:29.229 [info] > git config --get commit.template [5ms]
2024-05-24 17:00:29.230 [info] > git for-each-ref --format=%(refname)%00%(upstream:short)%00%(objectname)%00%(upstream:track)%00%(upstream:remotename)%00%(upstream:remoteref) refs/heads/main refs/remotes/main [2ms]
2024-05-24 17:00:29.236 [warning] ENOENT: no such file or directory, open '/home/rocky/dotfiles/.git/refs/remotes/origin/main'
2024-05-24 17:00:29.238 [info] > git rev-parse refs/remotes/origin/main [1ms]
2024-05-24 17:00:29.256 [info] > git status -z -uall [13ms]
2024-05-24 17:00:34.287 [info] > git config --get commit.template [8ms]
2024-05-24 17:00:34.288 [info] > git for-each-ref --format=%(refname)%00%(upstream:short)%00%(objectname)%00%(upstream:track)%00%(upstream:remotename)%00%(upstream:remoteref) refs/heads/main refs/remotes/main [3ms]
2024-05-24 17:00:34.295 [warning] ENOENT: no such file or directory, open '/home/rocky/dotfiles/.git/refs/remotes/origin/main'
2024-05-24 17:00:34.297 [info] > git rev-parse refs/remotes/origin/main [3ms]
2024-05-24 17:00:34.319 [info] > git status -z -uall [16ms]
2024-05-24 17:00:39.353 [info] > git config --get commit.template [7ms]
2024-05-24 17:00:39.355 [info] > git for-each-ref --format=%(refname)%00%(upstream:short)%00%(objectname)%00%(upstream:track)%00%(upstream:remotename)%00%(upstream:remoteref) refs/heads/main refs/remotes/main [3ms]
2024-05-24 17:00:39.360 [warning] ENOENT: no such file or directory, open '/home/rocky/dotfiles/.git/refs/remotes/origin/main'
2024-05-24 17:00:39.362 [info] > git rev-parse refs/remotes/origin/main [2ms]
2024-05-24 17:00:39.380 [info] > git status -z -uall [13ms]
2024-05-24 17:00:44.427 [info] > git config --get commit.template [8ms]
2024-05-24 17:00:44.429 [info] > git for-each-ref --format=%(refname)%00%(upstream:short)%00%(objectname)%00%(upstream:track)%00%(upstream:remotename)%00%(upstream:remoteref) refs/heads/main refs/remotes/main [4ms]
2024-05-24 17:00:44.434 [warning] ENOENT: no such file or directory, open '/home/rocky/dotfiles/.git/refs/remotes/origin/main'
2024-05-24 17:00:44.436 [info] > git rev-parse refs/remotes/origin/main [2ms]
2024-05-24 17:00:44.455 [info] > git status -z -uall [13ms]
2024-05-24 17:00:49.499 [info] > git config --get commit.template [15ms]
2024-05-24 17:00:49.504 [info] > git for-each-ref --format=%(refname)%00%(upstream:short)%00%(objectname)%00%(upstream:track)%00%(upstream:remotename)%00%(upstream:remoteref) refs/heads/main refs/remotes/main [7ms]
2024-05-24 17:00:49.516 [warning] ENOENT: no such file or directory, open '/home/rocky/dotfiles/.git/refs/remotes/origin/main'
2024-05-24 17:00:49.520 [info] > git rev-parse refs/remotes/origin/main [4ms]
2024-05-24 17:00:49.553 [info] > git status -z -uall [21ms]
2024-05-24 17:00:54.588 [info] > git config --get commit.template [6ms]
2024-05-24 17:00:54.590 [info] > git for-each-ref --format=%(refname)%00%(upstream:short)%00%(objectname)%00%(upstream:track)%00%(upstream:remotename)%00%(upstream:remoteref) refs/heads/main refs/remotes/main [3ms]
2024-05-24 17:00:54.595 [warning] ENOENT: no such file or directory, open '/home/rocky/dotfiles/.git/refs/remotes/origin/main'
2024-05-24 17:00:54.596 [info] > git rev-parse refs/remotes/origin/main [2ms]
2024-05-24 17:00:54.613 [info] > git status -z -uall [12ms]
2024-05-24 17:00:59.654 [info] > git config --get commit.template [6ms]
2024-05-24 17:00:59.656 [info] > git for-each-ref --format=%(refname)%00%(upstream:short)%00%(objectname)%00%(upstream:track)%00%(upstream:remotename)%00%(upstream:remoteref) refs/heads/main refs/remotes/main [2ms]
2024-05-24 17:00:59.661 [warning] ENOENT: no such file or directory, open '/home/rocky/dotfiles/.git/refs/remotes/origin/main'
2024-05-24 17:00:59.662 [info] > git rev-parse refs/remotes/origin/main [2ms]
2024-05-24 17:00:59.678 [info] > git status -z -uall [11ms]
2024-05-24 17:01:04.716 [info] > git config --get commit.template [6ms]
2024-05-24 17:01:04.718 [info] > git for-each-ref --format=%(refname)%00%(upstream:short)%00%(objectname)%00%(upstream:track)%00%(upstream:remotename)%00%(upstream:remoteref) refs/heads/main refs/remotes/main [2ms]
2024-05-24 17:01:04.722 [warning] ENOENT: no such file or directory, open '/home/rocky/dotfiles/.git/refs/remotes/origin/main'
2024-05-24 17:01:04.724 [info] > git rev-parse refs/remotes/origin/main [2ms]
2024-05-24 17:01:04.742 [info] > git status -z -uall [12ms]
2024-05-24 17:01:09.776 [info] > git config --get commit.template [7ms]
2024-05-24 17:01:09.778 [info] > git for-each-ref --format=%(refname)%00%(upstream:short)%00%(objectname)%00%(upstream:track)%00%(upstream:remotename)%00%(upstream:remoteref) refs/heads/main refs/remotes/main [3ms]
2024-05-24 17:01:09.784 [warning] ENOENT: no such file or directory, open '/home/rocky/dotfiles/.git/refs/remotes/origin/main'
2024-05-24 17:01:09.786 [info] > git rev-parse refs/remotes/origin/main [2ms]
2024-05-24 17:01:09.807 [info] > git status -z -uall [15ms]
2024-05-24 17:01:14.849 [info] > git config --get commit.template [6ms]
2024-05-24 17:01:14.851 [info] > git for-each-ref --format=%(refname)%00%(upstream:short)%00%(objectname)%00%(upstream:track)%00%(upstream:remotename)%00%(upstream:remoteref) refs/heads/main refs/remotes/main [3ms]
2024-05-24 17:01:14.856 [warning] ENOENT: no such file or directory, open '/home/rocky/dotfiles/.git/refs/remotes/origin/main'
2024-05-24 17:01:14.858 [info] > git rev-parse refs/remotes/origin/main [2ms]
2024-05-24 17:01:14.874 [info] > git status -z -uall [12ms]
2024-05-24 17:01:19.905 [info] > git config --get commit.template [6ms]
2024-05-24 17:01:19.906 [info] > git for-each-ref --format=%(refname)%00%(upstream:short)%00%(objectname)%00%(upstream:track)%00%(upstream:remotename)%00%(upstream:remoteref) refs/heads/main refs/remotes/main [2ms]
2024-05-24 17:01:19.912 [warning] ENOENT: no such file or directory, open '/home/rocky/dotfiles/.git/refs/remotes/origin/main'
2024-05-24 17:01:19.914 [info] > git rev-parse refs/remotes/origin/main [2ms]
2024-05-24 17:01:19.934 [info] > git status -z -uall [15ms]
2024-05-24 17:01:24.963 [info] > git config --get commit.template [7ms]
2024-05-24 17:01:24.965 [info] > git for-each-ref --format=%(refname)%00%(upstream:short)%00%(objectname)%00%(upstream:track)%00%(upstream:remotename)%00%(upstream:remoteref) refs/heads/main refs/remotes/main [3ms]
2024-05-24 17:01:24.971 [warning] ENOENT: no such file or directory, open '/home/rocky/dotfiles/.git/refs/remotes/origin/main'
2024-05-24 17:01:24.973 [info] > git rev-parse refs/remotes/origin/main [2ms]
2024-05-24 17:01:24.991 [info] > git status -z -uall [13ms]
2024-05-24 17:01:30.020 [info] > git config --get commit.template [6ms]
2024-05-24 17:01:30.022 [info] > git for-each-ref --format=%(refname)%00%(upstream:short)%00%(objectname)%00%(upstream:track)%00%(upstream:remotename)%00%(upstream:remoteref) refs/heads/main refs/remotes/main [3ms]
2024-05-24 17:01:30.027 [warning] ENOENT: no such file or directory, open '/home/rocky/dotfiles/.git/refs/remotes/origin/main'
2024-05-24 17:01:30.029 [info] > git rev-parse refs/remotes/origin/main [2ms]
2024-05-24 17:01:30.048 [info] > git status -z -uall [13ms]
2024-05-24 17:01:35.080 [info] > git config --get commit.template [7ms]
2024-05-24 17:01:35.082 [info] > git for-each-ref --format=%(refname)%00%(upstream:short)%00%(objectname)%00%(upstream:track)%00%(upstream:remotename)%00%(upstream:remoteref) refs/heads/main refs/remotes/main [3ms]
2024-05-24 17:01:35.088 [warning] ENOENT: no such file or directory, open '/home/rocky/dotfiles/.git/refs/remotes/origin/main'
2024-05-24 17:01:35.090 [info] > git rev-parse refs/remotes/origin/main [2ms]
2024-05-24 17:01:35.112 [info] > git status -z -uall [16ms]
2024-05-24 17:01:40.161 [info] > git config --get commit.template [15ms]
2024-05-24 17:01:40.165 [info] > git for-each-ref --format=%(refname)%00%(upstream:short)%00%(objectname)%00%(upstream:track)%00%(upstream:remotename)%00%(upstream:remoteref) refs/heads/main refs/remotes/main [6ms]
2024-05-24 17:01:40.177 [warning] ENOENT: no such file or directory, open '/home/rocky/dotfiles/.git/refs/remotes/origin/main'
2024-05-24 17:01:40.181 [info] > git rev-parse refs/remotes/origin/main [4ms]
2024-05-24 17:01:40.201 [info] > git status -z -uall [12ms]
2024-05-24 17:01:45.233 [info] > git config --get commit.template [6ms]
2024-05-24 17:01:45.235 [info] > git for-each-ref --format=%(refname)%00%(upstream:short)%00%(objectname)%00%(upstream:track)%00%(upstream:remotename)%00%(upstream:remoteref) refs/heads/main refs/remotes/main [3ms]
2024-05-24 17:01:45.241 [warning] ENOENT: no such file or directory, open '/home/rocky/dotfiles/.git/refs/remotes/origin/main'
2024-05-24 17:01:45.243 [info] > git rev-parse refs/remotes/origin/main [2ms]
2024-05-24 17:01:45.265 [info] > git status -z -uall [15ms]
2024-05-24 17:01:50.297 [info] > git config --get commit.template [6ms]
2024-05-24 17:01:50.299 [info] > git for-each-ref --format=%(refname)%00%(upstream:short)%00%(objectname)%00%(upstream:track)%00%(upstream:remotename)%00%(upstream:remoteref) refs/heads/main refs/remotes/main [3ms]
2024-05-24 17:01:50.305 [warning] ENOENT: no such file or directory, open '/home/rocky/dotfiles/.git/refs/remotes/origin/main'
2024-05-24 17:01:50.307 [info] > git rev-parse refs/remotes/origin/main [2ms]
2024-05-24 17:01:50.330 [info] > git status -z -uall [17ms]
2024-05-24 17:01:55.362 [info] > git config --get commit.template [7ms]
2024-05-24 17:01:55.364 [info] > git for-each-ref --format=%(refname)%00%(upstream:short)%00%(objectname)%00%(upstream:track)%00%(upstream:remotename)%00%(upstream:remoteref) refs/heads/main refs/remotes/main [3ms]
2024-05-24 17:01:55.370 [warning] ENOENT: no such file or directory, open '/home/rocky/dotfiles/.git/refs/remotes/origin/main'
2024-05-24 17:01:55.372 [info] > git rev-parse refs/remotes/origin/main [2ms]
2024-05-24 17:01:55.394 [info] > git status -z -uall [15ms]
2024-05-24 17:02:00.424 [info] > git config --get commit.template [6ms]
2024-05-24 17:02:00.426 [info] > git for-each-ref --format=%(refname)%00%(upstream:short)%00%(objectname)%00%(upstream:track)%00%(upstream:remotename)%00%(upstream:remoteref) refs/heads/main refs/remotes/main [3ms]
2024-05-24 17:02:00.431 [warning] ENOENT: no such file or directory, open '/home/rocky/dotfiles/.git/refs/remotes/origin/main'
2024-05-24 17:02:00.433 [info] > git rev-parse refs/remotes/origin/main [2ms]
2024-05-24 17:02:00.450 [info] > git status -z -uall [12ms]
2024-05-24 17:02:05.482 [info] > git config --get commit.template [6ms]
2024-05-24 17:02:05.484 [info] > git for-each-ref --format=%(refname)%00%(upstream:short)%00%(objectname)%00%(upstream:track)%00%(upstream:remotename)%00%(upstream:remoteref) refs/heads/main refs/remotes/main [2ms]
2024-05-24 17:02:05.489 [warning] ENOENT: no such file or directory, open '/home/rocky/dotfiles/.git/refs/remotes/origin/main'
2024-05-24 17:02:05.491 [info] > git rev-parse refs/remotes/origin/main [2ms]
2024-05-24 17:02:05.509 [info] > git status -z -uall [13ms]
2024-05-24 17:02:10.544 [info] > git config --get commit.template [7ms]
2024-05-24 17:02:10.546 [info] > git for-each-ref --format=%(refname)%00%(upstream:short)%00%(objectname)%00%(upstream:track)%00%(upstream:remotename)%00%(upstream:remoteref) refs/heads/main refs/remotes/main [2ms]
2024-05-24 17:02:10.551 [warning] ENOENT: no such file or directory, open '/home/rocky/dotfiles/.git/refs/remotes/origin/main'
2024-05-24 17:02:10.553 [info] > git rev-parse refs/remotes/origin/main [2ms]
2024-05-24 17:02:10.571 [info] > git status -z -uall [13ms]
2024-05-24 17:02:15.614 [info] > git config --get commit.template [14ms]
2024-05-24 17:02:15.618 [info] > git for-each-ref --format=%(refname)%00%(upstream:short)%00%(objectname)%00%(upstream:track)%00%(upstream:remotename)%00%(upstream:remoteref) refs/heads/main refs/remotes/main [6ms]
2024-05-24 17:02:15.630 [warning] ENOENT: no such file or directory, open '/home/rocky/dotfiles/.git/refs/remotes/origin/main'
2024-05-24 17:02:15.635 [info] > git rev-parse refs/remotes/origin/main [5ms]
2024-05-24 17:02:15.670 [info] > git status -z -uall [24ms]
2024-05-24 17:02:20.706 [info] > git config --get commit.template [6ms]
2024-05-24 17:02:20.708 [info] > git for-each-ref --format=%(refname)%00%(upstream:short)%00%(objectname)%00%(upstream:track)%00%(upstream:remotename)%00%(upstream:remoteref) refs/heads/main refs/remotes/main [2ms]
2024-05-24 17:02:20.712 [warning] ENOENT: no such file or directory, open '/home/rocky/dotfiles/.git/refs/remotes/origin/main'
2024-05-24 17:02:20.714 [info] > git rev-parse refs/remotes/origin/main [2ms]
2024-05-24 17:02:20.730 [info] > git status -z -uall [12ms]
2024-05-24 17:02:25.761 [info] > git config --get commit.template [7ms]
2024-05-24 17:02:25.763 [info] > git for-each-ref --format=%(refname)%00%(upstream:short)%00%(objectname)%00%(upstream:track)%00%(upstream:remotename)%00%(upstream:remoteref) refs/heads/main refs/remotes/main [2ms]
2024-05-24 17:02:25.768 [warning] ENOENT: no such file or directory, open '/home/rocky/dotfiles/.git/refs/remotes/origin/main'
2024-05-24 17:02:25.770 [info] > git rev-parse refs/remotes/origin/main [2ms]
2024-05-24 17:02:25.789 [info] > git status -z -uall [13ms]
2024-05-24 17:02:30.815 [info] > git config --get commit.template [6ms]
2024-05-24 17:02:30.817 [info] > git for-each-ref --format=%(refname)%00%(upstream:short)%00%(objectname)%00%(upstream:track)%00%(upstream:remotename)%00%(upstream:remoteref) refs/heads/main refs/remotes/main [3ms]
2024-05-24 17:02:30.822 [warning] ENOENT: no such file or directory, open '/home/rocky/dotfiles/.git/refs/remotes/origin/main'
2024-05-24 17:02:30.824 [info] > git rev-parse refs/remotes/origin/main [2ms]
2024-05-24 17:02:30.843 [info] > git status -z -uall [13ms]
2024-05-24 17:02:35.873 [info] > git config --get commit.template [5ms]
2024-05-24 17:02:35.874 [info] > git for-each-ref --format=%(refname)%00%(upstream:short)%00%(objectname)%00%(upstream:track)%00%(upstream:remotename)%00%(upstream:remoteref) refs/heads/main refs/remotes/main [2ms]
2024-05-24 17:02:35.880 [warning] ENOENT: no such file or directory, open '/home/rocky/dotfiles/.git/refs/remotes/origin/main'
2024-05-24 17:02:35.882 [info] > git rev-parse refs/remotes/origin/main [2ms]
2024-05-24 17:02:35.908 [info] > git status -z -uall [19ms]
2024-05-24 17:02:40.938 [info] > git config --get commit.template [7ms]
2024-05-24 17:02:40.940 [info] > git for-each-ref --format=%(refname)%00%(upstream:short)%00%(objectname)%00%(upstream:track)%00%(upstream:remotename)%00%(upstream:remoteref) refs/heads/main refs/remotes/main [2ms]
2024-05-24 17:02:40.946 [warning] ENOENT: no such file or directory, open '/home/rocky/dotfiles/.git/refs/remotes/origin/main'
2024-05-24 17:02:40.948 [info] > git rev-parse refs/remotes/origin/main [3ms]
2024-05-24 17:02:40.966 [info] > git status -z -uall [13ms]
2024-05-24 17:03:19.974 [info] > git config --get commit.template [13ms]
2024-05-24 17:03:19.976 [info] > git for-each-ref --format=%(refname)%00%(upstream:short)%00%(objectname)%00%(upstream:track)%00%(upstream:remotename)%00%(upstream:remoteref) refs/heads/main refs/remotes/main [3ms]
2024-05-24 17:03:19.986 [warning] ENOENT: no such file or directory, open '/home/rocky/dotfiles/.git/refs/remotes/origin/main'
2024-05-24 17:03:19.989 [info] > git rev-parse refs/remotes/origin/main [3ms]
2024-05-24 17:03:20.020 [info] > git status -z -uall [21ms]
