2024-05-24 16:05:40.158 [info] Extension host with pid 8924 started
2024-05-24 16:05:40.158 [info] Skipping acquiring lock for /home/rocky/.config/Code - OSS/User/workspaceStorage/06623db7c9b53198d84702df3fe94a44.
2024-05-24 16:05:40.185 [info] ExtensionService#_doActivateExtension vscode.emmet, startup: false, activationEvent: 'onLanguage'
2024-05-24 16:05:40.477 [info] ExtensionService#_doActivateExtension vscode.git-base, startup: true, activationEvent: '*', root cause: vscode.git
2024-05-24 16:05:40.903 [info] ExtensionService#_doActivateExtension vscode.git, startup: true, activationEvent: '*'
2024-05-24 16:05:41.015 [info] ExtensionService#_doActivateExtension vscode.github, startup: true, activationEvent: '*'
2024-05-24 16:05:41.146 [info] Eager extensions activated
2024-05-24 16:05:41.222 [info] ExtensionService#_doActivateExtension vscode.debug-auto-launch, startup: false, activationEvent: 'onStartupFinished'
2024-05-24 16:05:41.260 [info] ExtensionService#_doActivateExtension vscode.merge-conflict, startup: false, activationEvent: 'onStartupFinished'
2024-05-24 16:07:58.975 [info] Extension host terminating: renderer closed the MessagePort
2024-05-24 16:07:58.990 [info] Extension host with pid 8924 exiting with code 0
2024-05-24 16:08:02.135 [info] Extension host with pid 9472 started
2024-05-24 16:08:02.135 [info] Skipping acquiring lock for /home/rocky/.config/Code - OSS/User/workspaceStorage/c5581d6a7ede9bd7b1889e21ae7f1368.
2024-05-24 16:08:02.211 [info] ExtensionService#_doActivateExtension vscode.git-base, startup: true, activationEvent: '*', root cause: vscode.git
2024-05-24 16:08:02.244 [info] ExtensionService#_doActivateExtension vscode.git, startup: true, activationEvent: '*'
2024-05-24 16:08:02.307 [info] ExtensionService#_doActivateExtension vscode.github, startup: true, activationEvent: '*'
2024-05-24 16:08:02.453 [info] Eager extensions activated
2024-05-24 16:08:02.569 [info] ExtensionService#_doActivateExtension vscode.debug-auto-launch, startup: false, activationEvent: 'onStartupFinished'
2024-05-24 16:08:02.574 [info] ExtensionService#_doActivateExtension vscode.merge-conflict, startup: false, activationEvent: 'onStartupFinished'
2024-05-24 16:08:02.842 [info] ExtensionService#_doActivateExtension vscode.github-authentication, startup: false, activationEvent: 'onAuthenticationRequest:github'
2024-05-24 16:08:03.351 [info] ExtensionService#_doActivateExtension vscode.emmet, startup: false, activationEvent: 'onLanguage'
2024-05-24 16:43:52.394 [info] Extension host terminating: renderer closed the MessagePort
2024-05-24 16:43:52.411 [error] Canceled: Canceled
	at new O (/usr/lib/code/out/vs/workbench/api/node/extensionHostProcess.js:143:47131)
	at c.U (/usr/lib/code/out/vs/workbench/api/node/extensionHostProcess.js:150:5542)
	at F.<computed>.z.charCodeAt.F.<computed> (/usr/lib/code/out/vs/workbench/api/node/extensionHostProcess.js:150:2993)
	at r.g (/usr/lib/code/out/vs/workbench/api/node/extensionHostProcess.js:153:188926)
	at r.executeCommand (/usr/lib/code/out/vs/workbench/api/node/extensionHostProcess.js:153:188364)
	at k.registerCommand.description (/usr/lib/code/out/vs/workbench/api/node/extensionHostProcess.js:153:187688)
	at r.h (/usr/lib/code/out/vs/workbench/api/node/extensionHostProcess.js:153:189465)
	at r.g (/usr/lib/code/out/vs/workbench/api/node/extensionHostProcess.js:153:188457)
	at r.executeCommand (/usr/lib/code/out/vs/workbench/api/node/extensionHostProcess.js:153:188364)
	at Object.executeCommand (/usr/lib/code/out/vs/workbench/api/node/extensionHostProcess.js:163:22673)
	at a.O [as value] (/usr/lib/code/extensions/git/dist/main.js:2:945138)
	at o.y (/usr/lib/code/out/vs/workbench/api/node/extensionHostProcess.js:82:660)
	at o.z (/usr/lib/code/out/vs/workbench/api/node/extensionHostProcess.js:82:730)
	at o.fire (/usr/lib/code/out/vs/workbench/api/node/extensionHostProcess.js:82:946)
	at Object.p [as dispose] (/usr/lib/code/extensions/git/dist/main.js:2:964222)
	at /usr/lib/code/extensions/git/dist/main.js:2:970260
	at Array.forEach (<anonymous>)
	at f.dispose (/usr/lib/code/extensions/git/dist/main.js:2:970246)
	at h.<anonymous> (/usr/lib/code/out/vs/workbench/api/node/extensionHostProcess.js:151:3955)
	at h.dispose (/usr/lib/code/out/vs/workbench/api/node/extensionHostProcess.js:151:4052)
	at h.<anonymous> (/usr/lib/code/extensions/git/dist/main.js:2:947395)
	at h.dispose (/usr/lib/code/out/vs/workbench/api/node/extensionHostProcess.js:151:4052)
	at a (/usr/lib/code/out/vs/workbench/api/node/extensionHostProcess.js:30:744)
	at f.eb (/usr/lib/code/out/vs/workbench/api/node/extensionHostProcess.js:159:9975)
	at /usr/lib/code/out/vs/workbench/api/node/extensionHostProcess.js:159:7824
	at Array.map (<anonymous>)
	at f.$ (/usr/lib/code/out/vs/workbench/api/node/extensionHostProcess.js:159:7811)
	at f.terminate (/usr/lib/code/out/vs/workbench/api/node/extensionHostProcess.js:159:8085)
	at a.terminate (/usr/lib/code/out/vs/workbench/api/node/extensionHostProcess.js:163:1513)
	at t (/usr/lib/code/out/vs/workbench/api/node/extensionHostProcess.js:176:9922)
	at MessagePortMain.<anonymous> (/usr/lib/code/out/vs/workbench/api/node/extensionHostProcess.js:176:6347)
	at MessagePortMain.emit (node:events:517:28)
	at MessagePortMain._internalPort.emit (node:electron/js2c/utility_init:2:2285) setContext undefined
2024-05-24 16:43:52.414 [error] Canceled: Canceled
	at new O (/usr/lib/code/out/vs/workbench/api/node/extensionHostProcess.js:143:47131)
	at c.U (/usr/lib/code/out/vs/workbench/api/node/extensionHostProcess.js:150:5542)
	at F.<computed>.z.charCodeAt.F.<computed> (/usr/lib/code/out/vs/workbench/api/node/extensionHostProcess.js:150:2993)
	at r.g (/usr/lib/code/out/vs/workbench/api/node/extensionHostProcess.js:153:188926)
	at r.executeCommand (/usr/lib/code/out/vs/workbench/api/node/extensionHostProcess.js:153:188364)
	at k.registerCommand.description (/usr/lib/code/out/vs/workbench/api/node/extensionHostProcess.js:153:187688)
	at r.h (/usr/lib/code/out/vs/workbench/api/node/extensionHostProcess.js:153:189465)
	at r.g (/usr/lib/code/out/vs/workbench/api/node/extensionHostProcess.js:153:188457)
	at r.executeCommand (/usr/lib/code/out/vs/workbench/api/node/extensionHostProcess.js:153:188364)
	at Object.executeCommand (/usr/lib/code/out/vs/workbench/api/node/extensionHostProcess.js:163:22673)
	at set hasGitHubRepositories [as hasGitHubRepositories] (/usr/lib/code/extensions/github/dist/extension.js:2:322969)
	at /usr/lib/code/extensions/github/dist/extension.js:2:323928
	at a.value (/usr/lib/code/extensions/git/dist/main.js:2:1050711)
	at o.y (/usr/lib/code/out/vs/workbench/api/node/extensionHostProcess.js:82:660)
	at o.z (/usr/lib/code/out/vs/workbench/api/node/extensionHostProcess.js:82:730)
	at o.fire (/usr/lib/code/out/vs/workbench/api/node/extensionHostProcess.js:82:946)
	at Object.p [as dispose] (/usr/lib/code/extensions/git/dist/main.js:2:964222)
	at /usr/lib/code/extensions/git/dist/main.js:2:970260
	at Array.forEach (<anonymous>)
	at f.dispose (/usr/lib/code/extensions/git/dist/main.js:2:970246)
	at h.<anonymous> (/usr/lib/code/out/vs/workbench/api/node/extensionHostProcess.js:151:3955)
	at h.dispose (/usr/lib/code/out/vs/workbench/api/node/extensionHostProcess.js:151:4052)
	at h.<anonymous> (/usr/lib/code/extensions/git/dist/main.js:2:947395)
	at h.dispose (/usr/lib/code/out/vs/workbench/api/node/extensionHostProcess.js:151:4052)
	at a (/usr/lib/code/out/vs/workbench/api/node/extensionHostProcess.js:30:744)
	at f.eb (/usr/lib/code/out/vs/workbench/api/node/extensionHostProcess.js:159:9975)
	at /usr/lib/code/out/vs/workbench/api/node/extensionHostProcess.js:159:7824
	at Array.map (<anonymous>)
	at f.$ (/usr/lib/code/out/vs/workbench/api/node/extensionHostProcess.js:159:7811)
	at f.terminate (/usr/lib/code/out/vs/workbench/api/node/extensionHostProcess.js:159:8085)
	at a.terminate (/usr/lib/code/out/vs/workbench/api/node/extensionHostProcess.js:163:1513)
	at t (/usr/lib/code/out/vs/workbench/api/node/extensionHostProcess.js:176:9922)
	at MessagePortMain.<anonymous> (/usr/lib/code/out/vs/workbench/api/node/extensionHostProcess.js:176:6347)
	at MessagePortMain.emit (node:events:517:28)
	at MessagePortMain._internalPort.emit (node:electron/js2c/utility_init:2:2285) setContext undefined
2024-05-24 16:43:52.414 [info] Extension host with pid 9472 exiting with code 0
